#
# A fatal error has been detected by the Java Runtime Environment:
#
#  Internal Error (jvmciRuntime.cpp:1609), pid=30, tid=45
#  fatal error: Fatal exception in JVMCI: Error calling jdk.vm.ci.services.Services.serializeSavedProperties
#
# JRE version: OpenJDK Runtime Environment GraalVM CE 22.3.0 (17.0.5+8) (build 17.0.5+8-jvmci-22.3-b08)
# Java VM: OpenJDK 64-Bit Server VM GraalVM CE 22.3.0 (17.0.5+8-jvmci-22.3-b08, mixed mode, sharing, tiered, jvmci, jvmci compiler, compressed oops, compressed class ptrs, parallel gc, linux-amd64)
# Problematic frame:
# V  [libjvm.so+0x972714]  JVMCIRuntime::fatal_exception(JVMCIEnv*, char const*)+0x74
#
# Core dump will be written. Default location: Core dumps may be processed with "/usr/share/apport/apport -p%p -s%s -c%c -d%d -P%P -u%u -g%g -- %E" (or dumping to /home/runner/InventorySystem/core.30)
#
# If you would like to submit a bug report, please visit:
#   https://github.com/oracle/graal/issues
#

---------------  S U M M A R Y ------------

Command Line: -XX:ThreadPriorityPolicy=1 -XX:+UnlockExperimentalVMOptions -XX:+EnableJVMCIProduct -XX:JVMCIThreadsPerNativeLibraryRuntime=1 -XX:-UnlockExperimentalVMOptions -Declipse.application=org.eclipse.jdt.ls.core.id1 -Dosgi.bundles.defaultStartLevel=4 -Declipse.product=org.eclipse.jdt.ls.core.product -Dlog.level=ALL -Xverify:none -XX:+UseParallelGC -XX:GCTimeRatio=4 -XX:AdaptiveSizePolicyWeight=90 -Dsun.zip.disableMemoryMapping=true -Xmx512m -Xms100m /nix/store/m6gcpi1ii6rghy04cjwjddcavv7i90df-jdt-language-server-1.9.0/share/java/plugins/org.eclipse.equinox.launcher_1.6.400.v20210924-0641.jar --add-modules=ALL-SYSTEM --add-opens java.base/java.util=ALL-UNNAMED --add-opens java.base/java.lang=ALL-UNNAMED -configuration /home/runner/.cache/jdt-language-server/config -data /home/runner/.cache/jdt-language-server/data/home/runner/InventorySystem

Host: AMD EPYC 7B12, 8 cores, 1G, Ubuntu 20.04.2 LTS
Time: Fri Mar 24 23:47:58 2023 UTC elapsed time: 1142.085981 seconds (0d 0h 19m 2s)

---------------  T H R E A D  ---------------

Current thread (0x00007fcc140b21e0):  JavaThread "JVMCI-native CompilerThread0" daemon [_thread_in_vm, id=45, stack(0x00007fcbf9f1a000,0x00007fcbfa11a000)]


Current CompileTask:
JVMCI-native:1142086 8971       4       org.eclipse.jdt.core.compiler.CharOperation::isWhitespace (23 bytes)

Stack: [0x00007fcbf9f1a000,0x00007fcbfa11a000],  sp=0x00007fcbfa118380,  free space=2040k
Native frames: (J=compiled Java code, j=interpreted, Vv=VM code, C=native code)
V  [libjvm.so+0x972714]  JVMCIRuntime::fatal_exception(JVMCIEnv*, char const*)+0x74
V  [libjvm.so+0x93e2fe]  JVMCIEnv::copy_saved_properties()+0x14e
V  [libjvm.so+0x9732a9]  JVMCIRuntime::initialize(JVMCIEnv*)+0xb19
V  [libjvm.so+0x9738a2]  JVMCIRuntime::get_HotSpotJVMCIRuntime(JVMCIEnv*)+0x12
V  [libjvm.so+0x9749f2]  JVMCIRuntime::compile_method(JVMCIEnv*, JVMCICompiler*, methodHandle const&, int)+0xd2
V  [libjvm.so+0x5b0d20]  CompileBroker::invoke_compiler_on_method(CompileTask*)+0x1470
V  [libjvm.so+0x5b12e8]  CompileBroker::compiler_thread_loop()+0x528
V  [libjvm.so+0xd82460]  JavaThread::thread_main_inner()+0xd0
V  [libjvm.so+0xd85a40]  Thread::call_run()+0xc0
V  [libjvm.so+0xbdb1e1]  thread_native_entry(Thread*)+0xe1

Register to memory mapping:

RAX=0x00007fcc19c11000 points into unknown readable memory: 0x0000000000000058 | 58 00 00 00 00 00 00 00
RBX=0x00007fcc1ad0c398: <offset 0x0000000000ef5398> in /nix/store/gpxl5qgg8kicmcvivwmybwjlpf7wh20l-graalvm17-ce-22.3.0/lib/server/libjvm.so at 0x00007fcc19e17000
RCX=0x00007fcc1acc41e8: <offset 0x0000000000ead1e8> in /nix/store/gpxl5qgg8kicmcvivwmybwjlpf7wh20l-graalvm17-ce-22.3.0/lib/server/libjvm.so at 0x00007fcc19e17000
RDX=0x0000000000000649 is an unknown value
RSP=0x00007fcbfa118380 is pointing into the stack for thread: 0x00007fcc140b21e0
RBP=0x00007fcbfa1183a0 is pointing into the stack for thread: 0x00007fcc140b21e0
RSI=0x00007fcc1ad0cc48: <offset 0x0000000000ef5c48> in /nix/store/gpxl5qgg8kicmcvivwmybwjlpf7wh20l-graalvm17-ce-22.3.0/lib/server/libjvm.so at 0x00007fcc19e17000
RDI=0x00000000e0000000 is an oop: java.lang.String 
{0x00000000e0000000} - klass: 'java/lang/String'
 - string: "resolution"
R8 =0x00007fcc1ad0c398: <offset 0x0000000000ef5398> in /nix/store/gpxl5qgg8kicmcvivwmybwjlpf7wh20l-graalvm17-ce-22.3.0/lib/server/libjvm.so at 0x00007fcc19e17000
R9 =0x00007fcbfa118330 is pointing into the stack for thread: 0x00007fcc140b21e0
R10=0x00007fcbfa119948 is pointing into the stack for thread: 0x00007fcc140b21e0
R11=0x0000000000000293 is an unknown value
R12=0x0 is NULL
R13=0x00007fcc140b21e0 is a thread
R14=0x00007fcc14000b80 points into unknown readable memory: 0x00007fcc1af3da38 | 38 da f3 1a cc 7f 00 00
R15=0x00007fcc1b04be40: <offset 0x0000000001234e40> in /nix/store/gpxl5qgg8kicmcvivwmybwjlpf7wh20l-graalvm17-ce-22.3.0/lib/server/libjvm.so at 0x00007fcc19e17000


Registers:
RAX=0x00007fcc19c11000, RBX=0x00007fcc1ad0c398, RCX=0x00007fcc1acc41e8, RDX=0x0000000000000649
RSP=0x00007fcbfa118380, RBP=0x00007fcbfa1183a0, RSI=0x00007fcc1ad0cc48, RDI=0x00000000e0000000
R8 =0x00007fcc1ad0c398, R9 =0x00007fcbfa118330, R10=0x00007fcbfa119948, R11=0x0000000000000293
R12=0x0000000000000000, R13=0x00007fcc140b21e0, R14=0x00007fcc14000b80, R15=0x00007fcc1b04be40
RIP=0x00007fcc1a789714, EFLAGS=0x0000000000010206, CSGSFS=0x002b000000000033, ERR=0x0000000000000006
  TRAPNO=0x000000000000000e

Top of Stack: (sp=0x00007fcbfa118380)
0x00007fcbfa118380:   00007fcbfa118940 00007fcc140b21e0
0x00007fcbfa118390:   00007fcc185a28c8 0000000800c415a8
0x00007fcbfa1183a0:   00007fcbfa118500 00007fcc1a7552fe
0x00007fcbfa1183b0:   00007fcbfa1183e0 00007fcbfa118440 

Instructions: (pc=0x00007fcc1a789714)
0x00007fcc1a789614:   30 e8 f6 cf e8 ff 4c 89 e7 e8 2e 48 d1 ff 84 db
0x00007fcc1a789624:   75 2a 4d 85 ed 74 04 4d 8b 6d 00 48 83 c4 08 44
0x00007fcc1a789634:   89 f9 4c 89 f2 4c 89 ee 5b 4c 89 e7 41 5c 41 5d
0x00007fcc1a789644:   41 5e 41 5f 5d e9 e2 47 d1 ff 66 90 48 83 c4 08
0x00007fcc1a789654:   5b 41 5c 41 5d 41 5e 41 5f 5d c3 90 31 d2 be 08
0x00007fcc1a789664:   00 00 00 4c 89 ff e8 b1 78 a3 ff 49 89 c5 e9 37
0x00007fcc1a789674:   ff ff ff 66 0f 1f 84 00 00 00 00 00 48 8b 7a 08
0x00007fcc1a789684:   e9 6d ff ff ff 0f 1f 80 00 00 00 00 e8 5b 48 0a
0x00007fcc1a789694:   00 84 c0 75 89 e9 6a ff ff ff 66 90 55 48 89 e5
0x00007fcc1a7896a4:   41 56 41 55 41 54 49 89 fc 53 48 89 f3 66 48 8d
0x00007fcc1a7896b4:   3d 27 5e 85 00 66 66 48 e8 df 43 8d ff 4c 8b 28
0x00007fcc1a7896c4:   8b 05 be 72 8a 00 85 c0 75 14 ba 01 00 00 00 48
0x00007fcc1a7896d4:   8d 0d ae 72 8a 00 f0 0f b1 11 85 c0 74 4e be c8
0x00007fcc1a7896e4:   00 00 00 4c 89 ef e8 01 0b 41 00 48 8d 05 12 ac
0x00007fcc1a7896f4:   85 00 49 89 d8 48 8d 0d e8 aa 53 00 ba 49 06 00
0x00007fcc1a789704:   00 48 8d 35 3c 35 58 00 bf 00 00 00 e0 48 8b 00
0x00007fcc1a789714:   c6 00 58 31 c0 e8 e2 91 c6 ff 5b 41 5c 41 5d 41
0x00007fcc1a789724:   5e 5d e9 55 34 26 00 0f 1f 44 00 00 48 8d 05 81
0x00007fcc1a789734:   a3 8b 00 48 89 df 4c 8b 30 e8 9e 43 8d ff 48 89
0x00007fcc1a789744:   de 48 89 c2 49 8b 06 4c 89 f7 ff 50 08 4c 89 f7
0x00007fcc1a789754:   e8 a7 5c 27 00 4d 85 e4 74 12 be 01 00 00 00 4c
0x00007fcc1a789764:   89 e7 e8 35 43 fc ff eb 82 0f 1f 00 be 01 00 00
0x00007fcc1a789774:   00 4c 89 ef e8 d3 fd ff ff e9 6d ff ff ff 66 66
0x00007fcc1a789784:   2e 0f 1f 84 00 00 00 00 00 0f 1f 00 55 48 89 e5
0x00007fcc1a789794:   41 57 41 56 41 55 41 54 53 48 81 ec 08 02 00 00
0x00007fcc1a7897a4:   64 48 8b 04 25 28 00 00 00 48 89 45 c8 8b 07 83
0x00007fcc1a7897b4:   f8 02 0f 84 11 04 00 00 4c 8b 6f 18 49 89 ff 49
0x00007fcc1a7897c4:   89 f4 4d 85 ed 74 14 4c 89 ef e8 5d 57 22 00 41
0x00007fcc1a7897d4:   8b 07 83 f8 02 0f 84 19 04 00 00 48 8d 1d 9a 06
0x00007fcc1a7897e4:   8a 00 4c 8d 35 0b 3c 58 00 eb 38 90 48 85 d2 7f
0x00007fcc1a7897f4:   0d 48 8d 05 b4 c0 85 00 48 83 38 00 7e 0e 41 8b
0x00007fcc1a789804:   77 2c 4c 89 f7 31 c0 e8 a0 b2 f7 ff 49 8b 7f 18 


Stack slot to memory mapping:
stack at sp + 0 slots: 0x00007fcbfa118940 is pointing into the stack for thread: 0x00007fcc140b21e0
stack at sp + 1 slots: 0x00007fcc140b21e0 is a thread
stack at sp + 2 slots: 0x00007fcc185a28c8 points into unknown readable memory: 0x6573001880c9ffff | ff ff c9 80 18 00 73 65
stack at sp + 3 slots: 0x0000000800c415a8 is a pointer to class: 
jdk.vm.ci.services.Services {0x0000000800c415a8}
 - instance size:     2
 - klass size:        65
 - access:            public final synchronized 
 - state:             fully_initialized
 - name:              'jdk/vm/ci/services/Services'
 - super:             'java/lang/Object'
 - sub:               
 - arrays:            NULL
 - methods:           Array<T>(0x00007fcbfa83f060)
 - method ordering:   Array<T>(0x0000000800928960)
 - default_methods:   Array<T>(0x0000000000000000)
 - local interfaces:  Array<T>(0x00000008005ce810)
 - trans. interfaces: Array<T>(0x00000008005ce810)
 - constants:         constant pool [427] {0x00007fcbfa83e060} for 'jdk/vm/ci/services/Services' cache=0x00007fcbfa8403a0
 - class loader data:  loader data: 0x00007fcc140283f0 of 'bootstrap'
 - source file:       'Services.java'
 - class annotations:       Array<T>(0x0000000000000000)
 - class type annotations:  Array<T>(0x0000000000000000)
 - field annotations:       Array<T>(0x0000000000000000)
 - field type annotations:  Array<T>(0x0000000000000000)
 - inner classes:     Array<T>(0x00007fcbfa840300)
 - nest members:     Array<T>(0x00007fcbfa840320)
 - permitted subclasses:     Array<T>(0x00000008005ce7a0)
 - java mirror:       a 'java/lang/Class'{0x00000000e01473a8} = 'jdk/vm/ci/services/Services'
 - vtable length      5  (start addr: 0x0000000800c41778)
 - itable length      2 (start addr: 0x0000000800c417a0)
 - ---- static fields (3 words):
 - public static final 'IS_BUILDING_NATIVE_IMAGE' 'Z' @128 
 - public static final 'IS_IN_NATIVE_IMAGE' 'Z' @129 
 - private static volatile 'savedProperties' 'Ljava/util/Map;' @112 
 - static final 'JVMCI_ENABLED' 'Z' @130 
 - private static final 'servicesCache' 'Ljava/util/Map;' @116 
 - private static final 'MAX_UNICODE_IN_UTF8_LENGTH' 'I' @120 
 - private static final 'MAX_UTF8_PROPERTY_STRING_LENGTH' 'I' @124 
 - ---- non-static fields (0 words):
 - non-static oop maps: 
stack at sp + 4 slots: 0x00007fcbfa118500 is pointing into the stack for thread: 0x00007fcc140b21e0
stack at sp + 5 slots: 0x00007fcc1a7552fe: <offset 0x000000000093e2fe> in /nix/store/gpxl5qgg8kicmcvivwmybwjlpf7wh20l-graalvm17-ce-22.3.0/lib/server/libjvm.so at 0x00007fcc19e17000
stack at sp + 6 slots: 0x00007fcbfa1183e0 is pointing into the stack for thread: 0x00007fcc140b21e0
stack at sp + 7 slots: 0x00007fcbfa118440 is pointing into the stack for thread: 0x00007fcc140b21e0


---------------  P R O C E S S  ---------------

Threads class SMR info:
_java_thread_list=0x00007fcb7811c480, length=28, elements={
0x00007fcc14026690, 0x00007fcc140a64d0, 0x00007fcc140a7910, 0x00007fcc140ae050,
0x00007fcc140af400, 0x00007fcc140b07f0, 0x00007fcc140b21e0, 0x00007fcc140b36f0,
0x00007fcc140b4750, 0x00007fcc140d7d20, 0x00007fcc1411f840, 0x00007fcc1433bc80,
0x00007fcc1436eb80, 0x00007fcc143715d0, 0x00007fcc14636e30, 0x00007fcba801a700,
0x00007fcba82a04a0, 0x00007fcb9c0010d0, 0x00007fcba84808e0, 0x00007fcb9c0074f0,
0x00007fcba8616b90, 0x00007fcc143680d0, 0x00007fcb88000ff0, 0x00007fcc14206370,
0x00007fcb78129e60, 0x00007fcb7812ba30, 0x00007fcb7812d050, 0x00007fcb7812d5d0
}

Java Threads: ( => current thread )
  0x00007fcc14026690 JavaThread "main" [_thread_blocked, id=36, stack(0x00007fcc19c32000,0x00007fcc19d32000)]
  0x00007fcc140a64d0 JavaThread "Reference Handler" daemon [_thread_blocked, id=39, stack(0x00007fcbfb0e0000,0x00007fcbfb1e0000)]
  0x00007fcc140a7910 JavaThread "Finalizer" daemon [_thread_blocked, id=40, stack(0x00007fcbfa700000,0x00007fcbfa800000)]
  0x00007fcc140ae050 JavaThread "Signal Dispatcher" daemon [_thread_blocked, id=41, stack(0x00007fcbfa31a000,0x00007fcbfa41a000)]
  0x00007fcc140af400 JavaThread "Service Thread" daemon [_thread_blocked, id=43, stack(0x00007fcbfa21a000,0x00007fcbfa31a000)]
  0x00007fcc140b07f0 JavaThread "Monitor Deflation Thread" daemon [_thread_blocked, id=44, stack(0x00007fcbfa11a000,0x00007fcbfa21a000)]
=>0x00007fcc140b21e0 JavaThread "JVMCI-native CompilerThread0" daemon [_thread_in_vm, id=45, stack(0x00007fcbf9f1a000,0x00007fcbfa11a000)]
  0x00007fcc140b36f0 JavaThread "C1 CompilerThread0" daemon [_thread_blocked, id=46, stack(0x00007fcbf9d1a000,0x00007fcbf9f1a000)]
  0x00007fcc140b4750 JavaThread "Sweeper thread" daemon [_thread_blocked, id=47, stack(0x00007fcbf9c1a000,0x00007fcbf9d1a000)]
  0x00007fcc140d7d20 JavaThread "Common-Cleaner" daemon [_thread_blocked, id=48, stack(0x00007fcbf9b1a000,0x00007fcbf9c1a000)]
  0x00007fcc1411f840 JavaThread "Notification Thread" daemon [_thread_blocked, id=49, stack(0x00007fcbf9a1a000,0x00007fcbf9b1a000)]
  0x00007fcc1433bc80 JavaThread "Active Thread: Equinox Container: 9fc63e3a-3ee1-4209-8734-2e65b55fb83b" [_thread_blocked, id=62, stack(0x00007fcbf8600000,0x00007fcbf8700000)]
  0x00007fcc1436eb80 JavaThread "Framework Event Dispatcher: Equinox Container: 9fc63e3a-3ee1-4209-8734-2e65b55fb83b" daemon [_thread_blocked, id=63, stack(0x00007fcbf8400000,0x00007fcbf8500000)]
  0x00007fcc143715d0 JavaThread "Start Level: Equinox Container: 9fc63e3a-3ee1-4209-8734-2e65b55fb83b" daemon [_thread_blocked, id=64, stack(0x00007fcbf8200000,0x00007fcbf8300000)]
  0x00007fcc14636e30 JavaThread "Refresh Thread: Equinox Container: 9fc63e3a-3ee1-4209-8734-2e65b55fb83b" daemon [_thread_blocked, id=73, stack(0x00007fcbf8000000,0x00007fcbf8100000)]
  0x00007fcba801a700 JavaThread "SCR Component Actor" daemon [_thread_blocked, id=74, stack(0x00007fcbc1b00000,0x00007fcbc1c00000)]
  0x00007fcba82a04a0 JavaThread "Worker-JM" [_thread_blocked, id=85, stack(0x00007fcbc1700000,0x00007fcbc1800000)]
  0x00007fcb9c0010d0 JavaThread "Worker-1: Java indexing... " [_thread_blocked, id=95, stack(0x00007fcbc1300000,0x00007fcbc1400000)]
  0x00007fcba84808e0 JavaThread "Java indexing" daemon [_thread_blocked, id=96, stack(0x00007fcbc1100000,0x00007fcbc1200000)]
  0x00007fcb9c0074f0 JavaThread "Worker-2" [_thread_blocked, id=97, stack(0x00007fcbc0f00000,0x00007fcbc1000000)]
  0x00007fcba8616b90 JavaThread "Bundle File Closer" daemon [_thread_blocked, id=98, stack(0x00007fcbc0d00000,0x00007fcbc0e00000)]
  0x00007fcc143680d0 JavaThread "pool-3-thread-1" [_thread_blocked, id=107, stack(0x00007fcbc0b00000,0x00007fcbc0c00000)]
  0x00007fcb88000ff0 JavaThread "Worker-3" [_thread_blocked, id=108, stack(0x00007fcbc0900000,0x00007fcbc0a00000)]
  0x00007fcc14206370 JavaThread "pool-2-thread-1" [_thread_blocked, id=109, stack(0x00007fcbc0700000,0x00007fcbc0800000)]
  0x00007fcb78129e60 JavaThread "Thread-4" [_thread_blocked, id=2081, stack(0x00007fcbc0800000,0x00007fcbc0900000)]
  0x00007fcb7812ba30 JavaThread "Thread-5" [_thread_blocked, id=2466, stack(0x00007fcbc0600000,0x00007fcbc0700000)]
  0x00007fcb7812d050 JavaThread "Thread-6" [_thread_blocked, id=2795, stack(0x00007fcbc1000000,0x00007fcbc1100000)]
  0x00007fcb7812d5d0 JavaThread "Thread-7" [_thread_blocked, id=3212, stack(0x00007fcbc0e00000,0x00007fcbc0f00000)]

Other Threads:
  0x00007fcc140a1c10 VMThread "VM Thread" [stack: 0x00007fcbfb1e2000,0x00007fcbfb2e2000] [id=38] _threads_hazard_ptr=0x00007fcb7811c480
  0x00007fcc141211e0 WatcherThread [stack: 0x00007fcbf991a000,0x00007fcbf9a1a000] [id=50]
  0x00007fcc1403df30 GCTaskThread "GC Thread#0" [stack: 0x00007fcc197f5000,0x00007fcc198f5000] [id=37]

Threads with active compile tasks:
JVMCI-native CompilerThread0  1142113 8971       4       org.eclipse.jdt.core.compiler.CharOperation::isWhitespace (23 bytes)

VM state: synchronizing (normal execution)

VM Mutex/Monitor currently owned by a thread:  ([mutex/lock_event])
[0x00007fcc14023840] Threads_lock - owner thread: 0x00007fcc140a1c10
[0x00007fcc14023ff0] Heap_lock - owner thread: 0x00007fcc14206370

OutOfMemory and StackOverflow Exception counts:
OutOfMemoryError java_heap_errors=9
LinkageErrors=70

Heap address: 0x00000000e0000000, size: 512 MB, Compressed Oops mode: 32-bit

CDS archive(s) mapped at: [0x0000000800000000-0x0000000800bc8000-0x0000000800bc8000), size 12353536, SharedBaseAddress: 0x0000000800000000, ArchiveRelocationMode: 0.
Compressed class space mapped at: 0x0000000800c00000-0x0000000840c00000, reserved size: 1073741824
Narrow klass base: 0x0000000800000000, Narrow klass shift: 0, Narrow klass range: 0x100000000

GC Precious Log:
 CPUs: 8 total, 1 available
 Memory: 1024M
 Large Page Support: Disabled
 NUMA Support: Disabled
 Compressed Oops: Enabled (32-bit)
 Alignments: Space 512K, Generation 512K, Heap 2M
 Heap Min Capacity: 100M
 Heap Initial Capacity: 100M
 Heap Max Capacity: 512M
 Pre-touch: Disabled
 Parallel Workers: 1

Heap:
 PSYoungGen      total 49152K, used 35640K [0x00000000f5580000, 0x00000000f9500000, 0x0000000100000000)
  eden space 34816K, 99% used [0x00000000f5580000,0x00000000f777fff8,0x00000000f7780000)
  from space 14336K, 5% used [0x00000000f7780000,0x00000000f784e2c0,0x00000000f8580000)
  to   space 12800K, 0% used [0x00000000f8880000,0x00000000f8880000,0x00000000f9500000)
 ParOldGen       total 349696K, used 349695K [0x00000000e0000000, 0x00000000f5580000, 0x00000000f5580000)
  object space 349696K, 99% used [0x00000000e0000000,0x00000000f557fef8,0x00000000f5580000)
 Metaspace       used 60023K, committed 61120K, reserved 1105920K
  class space    used 5922K, committed 6336K, reserved 1048576K

Card table byte_map: [0x00007fcc198f5000,0x00007fcc199f6000] _byte_map_base: 0x00007fcc191f5000

Marking Bits: (ParMarkBitMap*) 0x00007fcc1b0454c0
 Begin Bits: [0x00007fcc18748000, 0x00007fcc18f48000)
 End Bits:   [0x00007fcc18f48000, 0x00007fcc19748000)

Polling page: 0x00007fcc19c0f000

Metaspace:

Usage:
  Non-class:     52.83 MB used.
      Class:      5.78 MB used.
       Both:     58.62 MB used.

Virtual space:
  Non-class space:       56.00 MB reserved,      53.50 MB ( 96%) committed,  7 nodes.
      Class space:        1.00 GB reserved,       6.19 MB ( <1%) committed,  1 nodes.
             Both:        1.05 GB reserved,      59.69 MB (  6%) committed. 

Chunk freelists:
   Non-Class:  1.94 MB
       Class:  1.71 MB
        Both:  3.65 MB

MaxMetaspaceSize: unlimited
CompressedClassSpaceSize: 1.00 GB
Initial GC threshold: 21.00 MB
Current GC threshold: 99.38 MB
CDS: on
MetaspaceReclaimPolicy: balanced
 - commit_granule_bytes: 65536.
 - commit_granule_words: 8192.
 - virtual_space_node_default_size: 1048576.
 - enlarge_chunks_in_place: 1.
 - new_chunks_are_fully_committed: 0.
 - uncommit_free_chunks: 1.
 - use_allocation_guard: 0.
 - handle_deallocations: 1.


Internal statistics:

num_allocs_failed_limit: 6.
num_arena_births: 498.
num_arena_deaths: 148.
num_vsnodes_births: 8.
num_vsnodes_deaths: 0.
num_space_committed: 954.
num_space_uncommitted: 0.
num_chunks_returned_to_freelist: 209.
num_chunks_taken_from_freelist: 2817.
num_chunk_merges: 87.
num_chunk_splits: 1857.
num_chunks_enlarged: 1183.
num_purges: 16.
num_inconsistent_stats: 0.

CodeHeap 'non-profiled nmethods': size=120036Kb used=2522Kb max_used=2522Kb free=117513Kb
 bounds [0x00007fcc02f7a000, 0x00007fcc031fa000, 0x00007fcc0a4b3000]
CodeHeap 'profiled nmethods': size=120032Kb used=14174Kb max_used=16234Kb free=105857Kb
 bounds [0x00007fcbfba42000, 0x00007fcbfca22000, 0x00007fcc02f7a000]
CodeHeap 'non-nmethods': size=5692Kb used=1393Kb max_used=1396Kb free=4298Kb
 bounds [0x00007fcbfb4b3000, 0x00007fcbfb723000, 0x00007fcbfba42000]
 total_blobs=7706 nmethods=6975 adapters=629
 compilation: enabled
              stopped_count=0, restarted_count=0
 full_count=0

JVMCI Events (20 events):
Event: 933.294 Thread 0x00007fcc140b21e0 releasing handles for JVMCI runtime 0: oop handles=44, metadata handles={total=92, live=81, blocks=36}
Event: 933.294 Thread 0x00007fcc140b21e0 detached from JVMCI runtime 0
Event: 966.085 Thread 0x00007fcc140b21e0 attached to JVMCI runtime 0
Event: 966.087 Thread 0x00007fcc140b21e0 created JavaVM[7]@0x00007fcbbfb9e340 for JVMCI runtime 0
Event: 966.087 Thread 0x00007fcc140b21e0 initializing JVMCI runtime 0
Event: 966.087 Thread 0x00007fcc140b21e0 done waiting for JavaVM references initialization in JVMCI runtime 0
Event: 998.282 Thread 0x00007fcc140b21e0 initialized JVMCI runtime 0
Event: 1022.840 Thread 0x00007fcc140b21e0 compacted oop handles in JVMCI runtime 0 from 60 to 54
Event: 1031.267 Thread 0x00007fcc140b21e0 compacted oop handles in JVMCI runtime 0 from 74 to 67
Event: 1032.809 Thread 0x00007fcc140b21e0 detaching from JVMCI runtime 0: releasing idle compiler thread (0 other threads still attached)
Event: 1032.809 Thread 0x00007fcc140b21e0 shutting down HotSpotJVMCIRuntime for JVMCI runtime 0
Event: 1032.809 Thread 0x00007fcc140b21e0 shut down JVMCI runtime 0
Event: 1032.812 Thread 0x00007fcc140b21e0 destroyed JavaVM[7]@0x00007fcbbfb9e340 for JVMCI runtime 0
Event: 1032.812 Thread 0x00007fcc140b21e0 compacted oop handles in JVMCI runtime 0 from 67 to 67
Event: 1032.812 Thread 0x00007fcc140b21e0 releasing handles for JVMCI runtime 0: oop handles=67, metadata handles={total=178, live=164, blocks=36}
Event: 1032.812 Thread 0x00007fcc140b21e0 detached from JVMCI runtime 0
Event: 1055.450 Thread 0x00007fcc140b21e0 attached to JVMCI runtime 0
Event: 1055.451 Thread 0x00007fcc140b21e0 created JavaVM[8]@0x00007fcbbfb9e340 for JVMCI runtime 0
Event: 1057.279 Thread 0x00007fcc140b21e0 initializing JVMCI runtime 0
Event: 1057.279 Thread 0x00007fcc140b21e0 done waiting for JavaVM references initialization in JVMCI runtime 0

Compilation events (20 events):
Event: 922.712 Thread 0x00007fcc140b36f0 8963       3       org.eclipse.core.internal.filesystem.local.LocalFile::getName (8 bytes)
Event: 924.192 Thread 0x00007fcc140b36f0 nmethod 8963 0x00007fcbfc337610 code [0x00007fcbfc3377c0, 0x00007fcbfc337920]
Event: 931.692 Thread 0x00007fcc140b21e0 nmethod 8959 0x00007fcc031eda10 code [0x00007fcc031edba0, 0x00007fcc031edf10]
Event: 966.085 Thread 0x00007fcc140b21e0 8964       4       com.google.gson.stream.JsonReader::nextString (197 bytes)
Event: 998.282 Thread 0x00007fcc140b36f0 8966 %     3       java.text.MessageFormat::applyPattern @ 34 (422 bytes)
Event: 1001.475 Thread 0x00007fcc140b36f0 nmethod 8966% 0x00007fcbfc3ab390 code [0x00007fcbfc3ab8a0, 0x00007fcbfc3af160]
Event: 1001.475 Thread 0x00007fcc140b36f0 8967       3       java.util.GregorianCalendar::computeFields (1585 bytes)
Event: 1005.693 Thread 0x00007fcc140b36f0 nmethod 8967 0x00007fcbfbd6f210 code [0x00007fcbfbd6f860, 0x00007fcbfbd76970]
Event: 1022.840 Thread 0x00007fcc140b21e0 nmethod 8964 0x00007fcc031ee190 code [0x00007fcc031ee3e0, 0x00007fcc031eeda8]
Event: 1022.840 Thread 0x00007fcc140b21e0 8965       4       jdk.internal.reflect.Reflection::verifyMemberAccess (200 bytes)
Event: 1022.849 Thread 0x00007fcc140b36f0 8968  s    3       java.util.Hashtable::putAll (52 bytes)
Event: 1022.850 Thread 0x00007fcc140b36f0 nmethod 8968 0x00007fcbfbf8cc90 code [0x00007fcbfbf8cec0, 0x00007fcbfbf8e280]
Event: 1029.646 Thread 0x00007fcc140b36f0 8969       3       java.util.concurrent.ThreadPoolExecutor::workerCountOf (5 bytes)
Event: 1029.646 Thread 0x00007fcc140b36f0 nmethod 8969 0x00007fcbfc595990 code [0x00007fcbfc595b20, 0x00007fcbfc595c10]
Event: 1031.267 Thread 0x00007fcc140b21e0 nmethod 8965 0x00007fcc031ef510 code [0x00007fcc031ef700, 0x00007fcc031eff70]
Event: 1046.477 Thread 0x00007fcc140b36f0 8970  s    3       java.lang.StringBuffer::append (13 bytes)
Event: 1046.477 Thread 0x00007fcc140b36f0 nmethod 8970 0x00007fcbfc1e8890 code [0x00007fcbfc1e8a40, 0x00007fcbfc1e8c40]
Event: 1055.450 Thread 0x00007fcc140b21e0 8971       4       org.eclipse.jdt.core.compiler.CharOperation::isWhitespace (23 bytes)
Event: 1108.979 Thread 0x00007fcc140b36f0 8972       1       org.eclipse.core.resources.FileInfoMatcherDescription::getArguments (5 bytes)
Event: 1108.980 Thread 0x00007fcc140b36f0 nmethod 8972 0x00007fcc031f0690 code [0x00007fcc031f0820, 0x00007fcc031f08f0]

GC Heap History (20 events):
Event: 1127.012 GC heap before
{Heap before GC invocations=840 (full 724):
 PSYoungGen      total 49152K, used 35640K [0x00000000f5580000, 0x00000000f9500000, 0x0000000100000000)
  eden space 34816K, 100% used [0x00000000f5580000,0x00000000f7780000,0x00000000f7780000)
  from space 14336K, 5% used [0x00000000f7780000,0x00000000f784e2c0,0x00000000f8580000)
  to   space 12800K, 0% used [0x00000000f8880000,0x00000000f8880000,0x00000000f9500000)
 ParOldGen       total 349696K, used 349695K [0x00000000e0000000, 0x00000000f5580000, 0x00000000f5580000)
  object space 349696K, 99% used [0x00000000e0000000,0x00000000f557ffc0,0x00000000f5580000)
 Metaspace       used 60023K, committed 61120K, reserved 1105920K
  class space    used 5922K, committed 6336K, reserved 1048576K
}
Event: 1128.777 GC heap after
{Heap after GC invocations=840 (full 724):
 PSYoungGen      total 49152K, used 35640K [0x00000000f5580000, 0x00000000f9500000, 0x0000000100000000)
  eden space 34816K, 99% used [0x00000000f5580000,0x00000000f777ff78,0x00000000f7780000)
  from space 14336K, 5% used [0x00000000f7780000,0x00000000f784e2c0,0x00000000f8580000)
  to   space 12800K, 0% used [0x00000000f8880000,0x00000000f8880000,0x00000000f9500000)
 ParOldGen       total 349696K, used 349694K [0x00000000e0000000, 0x00000000f5580000, 0x00000000f5580000)
  object space 349696K, 99% used [0x00000000e0000000,0x00000000f557fae0,0x00000000f5580000)
 Metaspace       used 60023K, committed 61120K, reserved 1105920K
  class space    used 5922K, committed 6336K, reserved 1048576K
}
Event: 1128.777 GC heap before
{Heap before GC invocations=841 (full 725):
 PSYoungGen      total 49152K, used 35640K [0x00000000f5580000, 0x00000000f9500000, 0x0000000100000000)
  eden space 34816K, 100% used [0x00000000f5580000,0x00000000f7780000,0x00000000f7780000)
  from space 14336K, 5% used [0x00000000f7780000,0x00000000f784e2c0,0x00000000f8580000)
  to   space 12800K, 0% used [0x00000000f8880000,0x00000000f8880000,0x00000000f9500000)
 ParOldGen       total 349696K, used 349694K [0x00000000e0000000, 0x00000000f5580000, 0x00000000f5580000)
  object space 349696K, 99% used [0x00000000e0000000,0x00000000f557fae0,0x00000000f5580000)
 Metaspace       used 60023K, committed 61120K, reserved 1105920K
  class space    used 5922K, committed 6336K, reserved 1048576K
}
Event: 1130.333 GC heap after
{Heap after GC invocations=841 (full 725):
 PSYoungGen      total 49152K, used 35640K [0x00000000f5580000, 0x00000000f9500000, 0x0000000100000000)
  eden space 34816K, 99% used [0x00000000f5580000,0x00000000f777fff0,0x00000000f7780000)
  from space 14336K, 5% used [0x00000000f7780000,0x00000000f784e2c0,0x00000000f8580000)
  to   space 12800K, 0% used [0x00000000f8880000,0x00000000f8880000,0x00000000f9500000)
 ParOldGen       total 349696K, used 349694K [0x00000000e0000000, 0x00000000f5580000, 0x00000000f5580000)
  object space 349696K, 99% used [0x00000000e0000000,0x00000000f557fa28,0x00000000f5580000)
 Metaspace       used 60023K, committed 61120K, reserved 1105920K
  class space    used 5922K, committed 6336K, reserved 1048576K
}
Event: 1130.337 GC heap before
{Heap before GC invocations=842 (full 726):
 PSYoungGen      total 49152K, used 35640K [0x00000000f5580000, 0x00000000f9500000, 0x0000000100000000)
  eden space 34816K, 99% used [0x00000000f5580000,0x00000000f777fff0,0x00000000f7780000)
  from space 14336K, 5% used [0x00000000f7780000,0x00000000f784e2c0,0x00000000f8580000)
  to   space 12800K, 0% used [0x00000000f8880000,0x00000000f8880000,0x00000000f9500000)
 ParOldGen       total 349696K, used 349695K [0x00000000e0000000, 0x00000000f5580000, 0x00000000f5580000)
  object space 349696K, 99% used [0x00000000e0000000,0x00000000f557ff60,0x00000000f5580000)
 Metaspace       used 60023K, committed 61120K, reserved 1105920K
  class space    used 5922K, committed 6336K, reserved 1048576K
}
Event: 1131.806 GC heap after
{Heap after GC invocations=842 (full 726):
 PSYoungGen      total 49152K, used 35640K [0x00000000f5580000, 0x00000000f9500000, 0x0000000100000000)
  eden space 34816K, 99% used [0x00000000f5580000,0x00000000f777ffb8,0x00000000f7780000)
  from space 14336K, 5% used [0x00000000f7780000,0x00000000f784e2c0,0x00000000f8580000)
  to   space 12800K, 0% used [0x00000000f8880000,0x00000000f8880000,0x00000000f9500000)
 ParOldGen       total 349696K, used 349694K [0x00000000e0000000, 0x00000000f5580000, 0x00000000f5580000)
  object space 349696K, 99% used [0x00000000e0000000,0x00000000f557fbe8,0x00000000f5580000)
 Metaspace       used 60023K, committed 61120K, reserved 1105920K
  class space    used 5922K, committed 6336K, reserved 1048576K
}
Event: 1131.806 GC heap before
{Heap before GC invocations=843 (full 727):
 PSYoungGen      total 49152K, used 35640K [0x00000000f5580000, 0x00000000f9500000, 0x0000000100000000)
  eden space 34816K, 100% used [0x00000000f5580000,0x00000000f7780000,0x00000000f7780000)
  from space 14336K, 5% used [0x00000000f7780000,0x00000000f784e2c0,0x00000000f8580000)
  to   space 12800K, 0% used [0x00000000f8880000,0x00000000f8880000,0x00000000f9500000)
 ParOldGen       total 349696K, used 349695K [0x00000000e0000000, 0x00000000f5580000, 0x00000000f5580000)
  object space 349696K, 99% used [0x00000000e0000000,0x00000000f557ffe8,0x00000000f5580000)
 Metaspace       used 60023K, committed 61120K, reserved 1105920K
  class space    used 5922K, committed 6336K, reserved 1048576K
}
Event: 1133.286 GC heap after
{Heap after GC invocations=843 (full 727):
 PSYoungGen      total 49152K, used 35640K [0x00000000f5580000, 0x00000000f9500000, 0x0000000100000000)
  eden space 34816K, 99% used [0x00000000f5580000,0x00000000f777ff20,0x00000000f7780000)
  from space 14336K, 5% used [0x00000000f7780000,0x00000000f784e2c0,0x00000000f8580000)
  to   space 12800K, 0% used [0x00000000f8880000,0x00000000f8880000,0x00000000f9500000)
 ParOldGen       total 349696K, used 349694K [0x00000000e0000000, 0x00000000f5580000, 0x00000000f5580000)
  object space 349696K, 99% used [0x00000000e0000000,0x00000000f557fad8,0x00000000f5580000)
 Metaspace       used 60023K, committed 61120K, reserved 1105920K
  class space    used 5922K, committed 6336K, reserved 1048576K
}
Event: 1133.287 GC heap before
{Heap before GC invocations=844 (full 728):
 PSYoungGen      total 49152K, used 35640K [0x00000000f5580000, 0x00000000f9500000, 0x0000000100000000)
  eden space 34816K, 99% used [0x00000000f5580000,0x00000000f777fff8,0x00000000f7780000)
  from space 14336K, 5% used [0x00000000f7780000,0x00000000f784e2c0,0x00000000f8580000)
  to   space 12800K, 0% used [0x00000000f8880000,0x00000000f8880000,0x00000000f9500000)
 ParOldGen       total 349696K, used 349694K [0x00000000e0000000, 0x00000000f5580000, 0x00000000f5580000)
  object space 349696K, 99% used [0x00000000e0000000,0x00000000f557fad8,0x00000000f5580000)
 Metaspace       used 60023K, committed 61120K, reserved 1105920K
  class space    used 5922K, committed 6336K, reserved 1048576K
}
Event: 1134.793 GC heap after
{Heap after GC invocations=844 (full 728):
 PSYoungGen      total 49152K, used 35640K [0x00000000f5580000, 0x00000000f9500000, 0x0000000100000000)
  eden space 34816K, 99% used [0x00000000f5580000,0x00000000f777fff8,0x00000000f7780000)
  from space 14336K, 5% used [0x00000000f7780000,0x00000000f784e2c0,0x00000000f8580000)
  to   space 12800K, 0% used [0x00000000f8880000,0x00000000f8880000,0x00000000f9500000)
 ParOldGen       total 349696K, used 349694K [0x00000000e0000000, 0x00000000f5580000, 0x00000000f5580000)
  object space 349696K, 99% used [0x00000000e0000000,0x00000000f557fad8,0x00000000f5580000)
 Metaspace       used 60023K, committed 61120K, reserved 1105920K
  class space    used 5922K, committed 6336K, reserved 1048576K
}
Event: 1134.793 GC heap before
{Heap before GC invocations=845 (full 729):
 PSYoungGen      total 49152K, used 35640K [0x00000000f5580000, 0x00000000f9500000, 0x0000000100000000)
  eden space 34816K, 99% used [0x00000000f5580000,0x00000000f777fff8,0x00000000f7780000)
  from space 14336K, 5% used [0x00000000f7780000,0x00000000f784e2c0,0x00000000f8580000)
  to   space 12800K, 0% used [0x00000000f8880000,0x00000000f8880000,0x00000000f9500000)
 ParOldGen       total 349696K, used 349695K [0x00000000e0000000, 0x00000000f5580000, 0x00000000f5580000)
  object space 349696K, 99% used [0x00000000e0000000,0x00000000f557fe70,0x00000000f5580000)
 Metaspace       used 60023K, committed 61120K, reserved 1105920K
  class space    used 5922K, committed 6336K, reserved 1048576K
}
Event: 1136.300 GC heap after
{Heap after GC invocations=845 (full 729):
 PSYoungGen      total 49152K, used 35640K [0x00000000f5580000, 0x00000000f9500000, 0x0000000100000000)
  eden space 34816K, 99% used [0x00000000f5580000,0x00000000f777fff8,0x00000000f7780000)
  from space 14336K, 5% used [0x00000000f7780000,0x00000000f784e2c0,0x00000000f8580000)
  to   space 12800K, 0% used [0x00000000f8880000,0x00000000f8880000,0x00000000f9500000)
 ParOldGen       total 349696K, used 349695K [0x00000000e0000000, 0x00000000f5580000, 0x00000000f5580000)
  object space 349696K, 99% used [0x00000000e0000000,0x00000000f557fe70,0x00000000f5580000)
 Metaspace       used 60023K, committed 61120K, reserved 1105920K
  class space    used 5922K, committed 6336K, reserved 1048576K
}
Event: 1136.300 GC heap before
{Heap before GC invocations=846 (full 730):
 PSYoungGen      total 49152K, used 35640K [0x00000000f5580000, 0x00000000f9500000, 0x0000000100000000)
  eden space 34816K, 99% used [0x00000000f5580000,0x00000000f777fff8,0x00000000f7780000)
  from space 14336K, 5% used [0x00000000f7780000,0x00000000f784e2c0,0x00000000f8580000)
  to   space 12800K, 0% used [0x00000000f8880000,0x00000000f8880000,0x00000000f9500000)
 ParOldGen       total 349696K, used 349695K [0x00000000e0000000, 0x00000000f5580000, 0x00000000f5580000)
  object space 349696K, 99% used [0x00000000e0000000,0x00000000f557fe70,0x00000000f5580000)
 Metaspace       used 60023K, committed 61120K, reserved 1105920K
  class space    used 5922K, committed 6336K, reserved 1048576K
}
Event: 1137.700 GC heap after
{Heap after GC invocations=846 (full 730):
 PSYoungGen      total 49152K, used 35640K [0x00000000f5580000, 0x00000000f9500000, 0x0000000100000000)
  eden space 34816K, 99% used [0x00000000f5580000,0x00000000f777fff8,0x00000000f7780000)
  from space 14336K, 5% used [0x00000000f7780000,0x00000000f784e2c0,0x00000000f8580000)
  to   space 12800K, 0% used [0x00000000f8880000,0x00000000f8880000,0x00000000f9500000)
 ParOldGen       total 349696K, used 349695K [0x00000000e0000000, 0x00000000f5580000, 0x00000000f5580000)
  object space 349696K, 99% used [0x00000000e0000000,0x00000000f557fe70,0x00000000f5580000)
 Metaspace       used 60023K, committed 61120K, reserved 1105920K
  class space    used 5922K, committed 6336K, reserved 1048576K
}
Event: 1137.701 GC heap before
{Heap before GC invocations=847 (full 731):
 PSYoungGen      total 49152K, used 35640K [0x00000000f5580000, 0x00000000f9500000, 0x0000000100000000)
  eden space 34816K, 99% used [0x00000000f5580000,0x00000000f777fff8,0x00000000f7780000)
  from space 14336K, 5% used [0x00000000f7780000,0x00000000f784e2c0,0x00000000f8580000)
  to   space 12800K, 0% used [0x00000000f8880000,0x00000000f8880000,0x00000000f9500000)
 ParOldGen       total 349696K, used 349696K [0x00000000e0000000, 0x00000000f5580000, 0x00000000f5580000)
  object space 349696K, 100% used [0x00000000e0000000,0x00000000f5580000,0x00000000f5580000)
 Metaspace       used 60023K, committed 61120K, reserved 1105920K
  class space    used 5922K, committed 6336K, reserved 1048576K
}
Event: 1139.378 GC heap after
{Heap after GC invocations=847 (full 731):
 PSYoungGen      total 49152K, used 35640K [0x00000000f5580000, 0x00000000f9500000, 0x0000000100000000)
  eden space 34816K, 99% used [0x00000000f5580000,0x00000000f777fff8,0x00000000f7780000)
  from space 14336K, 5% used [0x00000000f7780000,0x00000000f784e2c0,0x00000000f8580000)
  to   space 12800K, 0% used [0x00000000f8880000,0x00000000f8880000,0x00000000f9500000)
 ParOldGen       total 349696K, used 349695K [0x00000000e0000000, 0x00000000f5580000, 0x00000000f5580000)
  object space 349696K, 99% used [0x00000000e0000000,0x00000000f557fe70,0x00000000f5580000)
 Metaspace       used 60023K, committed 61120K, reserved 1105920K
  class space    used 5922K, committed 6336K, reserved 1048576K
}
Event: 1139.379 GC heap before
{Heap before GC invocations=848 (full 732):
 PSYoungGen      total 49152K, used 35640K [0x00000000f5580000, 0x00000000f9500000, 0x0000000100000000)
  eden space 34816K, 99% used [0x00000000f5580000,0x00000000f777fff8,0x00000000f7780000)
  from space 14336K, 5% used [0x00000000f7780000,0x00000000f784e2c0,0x00000000f8580000)
  to   space 12800K, 0% used [0x00000000f8880000,0x00000000f8880000,0x00000000f9500000)
 ParOldGen       total 349696K, used 349695K [0x00000000e0000000, 0x00000000f5580000, 0x00000000f5580000)
  object space 349696K, 99% used [0x00000000e0000000,0x00000000f557fed8,0x00000000f5580000)
 Metaspace       used 60023K, committed 61120K, reserved 1105920K
  class space    used 5922K, committed 6336K, reserved 1048576K
}
Event: 1140.712 GC heap after
{Heap after GC invocations=848 (full 732):
 PSYoungGen      total 49152K, used 35640K [0x00000000f5580000, 0x00000000f9500000, 0x0000000100000000)
  eden space 34816K, 99% used [0x00000000f5580000,0x00000000f777fff8,0x00000000f7780000)
  from space 14336K, 5% used [0x00000000f7780000,0x00000000f784e2c0,0x00000000f8580000)
  to   space 12800K, 0% used [0x00000000f8880000,0x00000000f8880000,0x00000000f9500000)
 ParOldGen       total 349696K, used 349695K [0x00000000e0000000, 0x00000000f5580000, 0x00000000f5580000)
  object space 349696K, 99% used [0x00000000e0000000,0x00000000f557fe88,0x00000000f5580000)
 Metaspace       used 60023K, committed 61120K, reserved 1105920K
  class space    used 5922K, committed 6336K, reserved 1048576K
}
Event: 1140.712 GC heap before
{Heap before GC invocations=849 (full 733):
 PSYoungGen      total 49152K, used 35640K [0x00000000f5580000, 0x00000000f9500000, 0x0000000100000000)
  eden space 34816K, 99% used [0x00000000f5580000,0x00000000f777fff8,0x00000000f7780000)
  from space 14336K, 5% used [0x00000000f7780000,0x00000000f784e2c0,0x00000000f8580000)
  to   space 12800K, 0% used [0x00000000f8880000,0x00000000f8880000,0x00000000f9500000)
 ParOldGen       total 349696K, used 349695K [0x00000000e0000000, 0x00000000f5580000, 0x00000000f5580000)
  object space 349696K, 99% used [0x00000000e0000000,0x00000000f557fe88,0x00000000f5580000)
 Metaspace       used 60023K, committed 61120K, reserved 1105920K
  class space    used 5922K, committed 6336K, reserved 1048576K
}
Event: 1142.081 GC heap after
{Heap after GC invocations=849 (full 733):
 PSYoungGen      total 49152K, used 35640K [0x00000000f5580000, 0x00000000f9500000, 0x0000000100000000)
  eden space 34816K, 99% used [0x00000000f5580000,0x00000000f777fff8,0x00000000f7780000)
  from space 14336K, 5% used [0x00000000f7780000,0x00000000f784e2c0,0x00000000f8580000)
  to   space 12800K, 0% used [0x00000000f8880000,0x00000000f8880000,0x00000000f9500000)
 ParOldGen       total 349696K, used 349695K [0x00000000e0000000, 0x00000000f5580000, 0x00000000f5580000)
  object space 349696K, 99% used [0x00000000e0000000,0x00000000f557fe88,0x00000000f5580000)
 Metaspace       used 60023K, committed 61120K, reserved 1105920K
  class space    used 5922K, committed 6336K, reserved 1048576K
}

Dll operation events (9 events):
Event: 0.002 Loaded shared library /nix/store/gpxl5qgg8kicmcvivwmybwjlpf7wh20l-graalvm17-ce-22.3.0/lib/libjava.so
Event: 0.075 Loaded shared library /nix/store/gpxl5qgg8kicmcvivwmybwjlpf7wh20l-graalvm17-ce-22.3.0/lib/libjsvml.so
Event: 0.304 Loaded shared library /nix/store/gpxl5qgg8kicmcvivwmybwjlpf7wh20l-graalvm17-ce-22.3.0/lib/libnio.so
Event: 0.307 Loaded shared library /nix/store/gpxl5qgg8kicmcvivwmybwjlpf7wh20l-graalvm17-ce-22.3.0/lib/libjvmcicompiler.so
Event: 0.376 Loaded shared library /nix/store/gpxl5qgg8kicmcvivwmybwjlpf7wh20l-graalvm17-ce-22.3.0/lib/libzip.so
Event: 0.696 Loaded shared library /nix/store/gpxl5qgg8kicmcvivwmybwjlpf7wh20l-graalvm17-ce-22.3.0/lib/libjimage.so
Event: 1.288 Loaded shared library /nix/store/gpxl5qgg8kicmcvivwmybwjlpf7wh20l-graalvm17-ce-22.3.0/lib/libnet.so
Event: 5.275 Loaded shared library /home/runner/.cache/jdt-language-server/config/org.eclipse.equinox.launcher/org.eclipse.equinox.launcher.gtk.linux.x86_64_1.2.400.v20211117-0650/eclipse_11600.so
Event: 14.910 Loaded shared library /nix/store/gpxl5qgg8kicmcvivwmybwjlpf7wh20l-graalvm17-ce-22.3.0/lib/libextnet.so

Deoptimization events (20 events):
Event: 1071.298 Thread 0x00007fcba84808e0 DEOPT PACKING pc=0x00007fcc031e4ba2 sp=0x00007fcbc11fe530
Event: 1071.298 Thread 0x00007fcba84808e0 DEOPT UNPACKING pc=0x00007fcbfb505325 sp=0x00007fcbc11fda28 mode 3
Event: 1074.635 Thread 0x00007fcba84808e0 Uncommon trap: trap_request=0xffffff8f fr.pc=0x00007fcc031e2d94 relative=0x0000000000000274
Event: 1074.635 Thread 0x00007fcba84808e0 Uncommon trap: reason=constraint action=none pc=0x00007fcc031e2d94 method=org.eclipse.jdt.internal.core.index.DiskIndex$IntList.add(I)V @ 0 jvmci
Event: 1074.635 Thread 0x00007fcba84808e0 DEOPT PACKING pc=0x00007fcc031e2d94 sp=0x00007fcbc11fe500
Event: 1074.635 Thread 0x00007fcba84808e0 DEOPT UNPACKING pc=0x00007fcbfb505325 sp=0x00007fcbc11fd9b0 mode 3
Event: 1085.281 Thread 0x00007fcb7812d050 Uncommon trap: trap_request=0xffffff8f fr.pc=0x00007fcc031885e4 relative=0x0000000000000a24
Event: 1085.281 Thread 0x00007fcb7812d050 Uncommon trap: reason=constraint action=none pc=0x00007fcc031885e4 method=java.util.Hashtable.addEntry(ILjava/lang/Object;Ljava/lang/Object;I)V @ 42 jvmci
Event: 1085.281 Thread 0x00007fcb7812d050 DEOPT PACKING pc=0x00007fcc031885e4 sp=0x00007fcbc10fdf40
Event: 1085.281 Thread 0x00007fcb7812d050 DEOPT UNPACKING pc=0x00007fcbfb505325 sp=0x00007fcbc10fd380 mode 3
Event: 1088.295 Thread 0x00007fcb78129e60 Uncommon trap: trap_request=0xffffff8f fr.pc=0x00007fcc030dcd5b relative=0x0000000000000efb
Event: 1088.295 Thread 0x00007fcb78129e60 Uncommon trap: reason=constraint action=none pc=0x00007fcc030dcd5b method=java.lang.StringLatin1.replace([BCC)Ljava/lang/String; @ 116 jvmci
Event: 1088.295 Thread 0x00007fcb78129e60 DEOPT PACKING pc=0x00007fcc030dcd5b sp=0x00007fcbc08fc360
Event: 1088.295 Thread 0x00007fcb78129e60 DEOPT UNPACKING pc=0x00007fcbfb505325 sp=0x00007fcbc08fb710 mode 3
Event: 1091.205 Thread 0x00007fcb78129e60 DEOPT PACKING pc=0x00007fcc030b2534 sp=0x00007fcbc08fc4c0
Event: 1091.205 Thread 0x00007fcb78129e60 DEOPT UNPACKING pc=0x00007fcbfb505325 sp=0x00007fcbc08fb9a8 mode 1
Event: 1137.700 Thread 0x00007fcba84808e0 Uncommon trap: trap_request=0xffffff8f fr.pc=0x00007fcc031e4ba2 relative=0x00000000000011e2
Event: 1137.700 Thread 0x00007fcba84808e0 Uncommon trap: reason=constraint action=none pc=0x00007fcc031e4ba2 method=org.eclipse.jdt.internal.core.index.DiskIndex.copyQueryResults(Lorg/eclipse/jdt/internal/compiler/util/HashtableOfObject;I)V @ 123 jvmci
Event: 1137.700 Thread 0x00007fcba84808e0 DEOPT PACKING pc=0x00007fcc031e4ba2 sp=0x00007fcbc11fe530
Event: 1137.700 Thread 0x00007fcba84808e0 DEOPT UNPACKING pc=0x00007fcbfb505325 sp=0x00007fcbc11fda28 mode 3

Classes unloaded (20 events):
Event: 174.781 Thread 0x00007fcc140a1c10 Unloading class 0x0000000801112000 'jdk/internal/reflect/GeneratedSerializationConstructorAccessor13'
Event: 174.781 Thread 0x00007fcc140a1c10 Unloading class 0x0000000801111c00 'jdk/internal/reflect/GeneratedSerializationConstructorAccessor12'
Event: 174.781 Thread 0x00007fcc140a1c10 Unloading class 0x0000000801111800 'jdk/internal/reflect/GeneratedMethodAccessor12'
Event: 174.781 Thread 0x00007fcc140a1c10 Unloading class 0x0000000801111000 'jdk/internal/reflect/GeneratedSerializationConstructorAccessor11'
Event: 174.781 Thread 0x00007fcc140a1c10 Unloading class 0x0000000801110c00 'jdk/internal/reflect/GeneratedSerializationConstructorAccessor10'
Event: 174.781 Thread 0x00007fcc140a1c10 Unloading class 0x0000000801110800 'jdk/internal/reflect/GeneratedSerializationConstructorAccessor9'
Event: 174.781 Thread 0x00007fcc140a1c10 Unloading class 0x0000000801110400 'jdk/internal/reflect/GeneratedSerializationConstructorAccessor8'
Event: 174.781 Thread 0x00007fcc140a1c10 Unloading class 0x0000000801101000 'jdk/internal/reflect/GeneratedSerializationConstructorAccessor7'
Event: 174.781 Thread 0x00007fcc140a1c10 Unloading class 0x0000000801100c00 'jdk/internal/reflect/GeneratedSerializationConstructorAccessor6'
Event: 174.781 Thread 0x00007fcc140a1c10 Unloading class 0x0000000801100800 'jdk/internal/reflect/GeneratedSerializationConstructorAccessor5'
Event: 174.781 Thread 0x00007fcc140a1c10 Unloading class 0x0000000801100400 'jdk/internal/reflect/GeneratedSerializationConstructorAccessor4'
Event: 174.781 Thread 0x00007fcc140a1c10 Unloading class 0x00000008010ac000 'jdk/internal/reflect/GeneratedSerializationConstructorAccessor3'
Event: 174.781 Thread 0x00007fcc140a1c10 Unloading class 0x0000000801076400 'jdk/internal/reflect/GeneratedSerializationConstructorAccessor2'
Event: 174.781 Thread 0x00007fcc140a1c10 Unloading class 0x0000000801076000 'jdk/internal/reflect/GeneratedSerializationConstructorAccessor1'
Event: 179.693 Thread 0x00007fcc140a1c10 Unloading class 0x00000008010d0c00 'jdk/internal/reflect/GeneratedMethodAccessor10'
Event: 179.693 Thread 0x00007fcc140a1c10 Unloading class 0x00000008010d0800 'jdk/internal/reflect/GeneratedMethodAccessor9'
Event: 179.693 Thread 0x00007fcc140a1c10 Unloading class 0x00000008010d0400 'jdk/internal/reflect/GeneratedMethodAccessor8'
Event: 179.693 Thread 0x00007fcc140a1c10 Unloading class 0x00000008010d0000 'jdk/internal/reflect/GeneratedMethodAccessor7'
Event: 186.891 Thread 0x00007fcc140a1c10 Unloading class 0x0000000801110000 'jdk/internal/reflect/GeneratedConstructorAccessor37'
Event: 192.000 Thread 0x00007fcc140a1c10 Unloading class 0x0000000801111400 'jdk/internal/reflect/GeneratedMethodAccessor11'

Classes redefined (0 events):
No events

Internal exceptions (20 events):
Event: 45.108 Thread 0x00007fcba8304410 Implicit null exception at 0x00007fcc030d1ae9 to 0x00007fcc030d1c9b
Event: 45.308 Thread 0x00007fcba84808e0 Implicit null exception at 0x00007fcc0317caf2 to 0x00007fcc03180dbc
Event: 52.810 Thread 0x00007fcb78129e60 Exception <a 'java/lang/NoSuchMethodError'{0x00000000f6615988}: 'java.lang.Object java.lang.invoke.DirectMethodHandle$Holder.invokeStatic(java.lang.Object, int, java.lang.Object, java.lang.Object, java.lang.Object, java.lang.Object)'> (0x00000000f6615988) 
thrown [src/hotspot/share/interpreter/linkResolver.cpp, line 758]
Event: 52.811 Thread 0x00007fcb78129e60 Exception <a 'java/lang/NoSuchMethodError'{0x00000000f661e100}: 'java.lang.Object java.lang.invoke.DirectMethodHandle$Holder.newInvokeSpecial(java.lang.Object, int, java.lang.Object, java.lang.Object, java.lang.Object)'> (0x00000000f661e100) 
thrown [src/hotspot/share/interpreter/linkResolver.cpp, line 758]
Event: 53.281 Thread 0x00007fcb78129e60 Exception <a 'java/lang/NoSuchMethodError'{0x00000000f5e25fc0}: 'void java.lang.invoke.DirectMethodHandle$Holder.invokeSpecial(java.lang.Object, java.lang.Object, int)'> (0x00000000f5e25fc0) 
thrown [src/hotspot/share/interpreter/linkResolver.cpp, line 758]
Event: 54.976 Thread 0x00007fcb78129e60 Exception <a 'java/lang/NoSuchMethodError'{0x00000000f6652ef0}: 'int java.lang.invoke.DirectMethodHandle$Holder.invokeSpecialIFC(java.lang.Object, java.lang.Object, java.lang.Object, java.lang.Object)'> (0x00000000f6652ef0) 
thrown [src/hotspot/share/interpreter/linkResolver.cpp, line 758]
Event: 1071.298 Thread 0x00007fcba84808e0 Exception <a 'java/lang/OutOfMemoryError'{0x00000000e00046e8}> (0x00000000e00046e8) 
thrown [src/hotspot/share/gc/shared/memAllocator.cpp, line 138]
Event: 1071.298 Thread 0x00007fcba84808e0 Implicit null exception at 0x00007fcc031e460e to 0x00007fcc031e4b87
Event: 1074.635 Thread 0x00007fcba84808e0 Exception <a 'java/lang/OutOfMemoryError'{0x00000000e0004148}> (0x00000000e0004148) 
thrown [src/hotspot/share/gc/shared/memAllocator.cpp, line 138]
Event: 1074.635 Thread 0x00007fcba84808e0 Implicit null exception at 0x00007fcc031e2ced to 0x00007fcc031e2d79
Event: 1085.281 Thread 0x00007fcb7812d050 Exception <a 'java/lang/OutOfMemoryError'{0x00000000e0003ba8}> (0x00000000e0003ba8) 
thrown [src/hotspot/share/gc/shared/memAllocator.cpp, line 138]
Event: 1085.281 Thread 0x00007fcb7812d050 Implicit null exception at 0x00007fcc03188185 to 0x00007fcc031885c9
Event: 1088.295 Thread 0x00007fcb78129e60 Exception <a 'java/lang/OutOfMemoryError'{0x00000000e0003ba8}> (0x00000000e0003ba8) 
thrown [src/hotspot/share/gc/shared/memAllocator.cpp, line 138]
Event: 1088.295 Thread 0x00007fcb78129e60 Implicit null exception at 0x00007fcc030dc770 to 0x00007fcc030dcd40
Event: 1091.205 Thread 0x00007fcb78129e60 Exception <a 'java/lang/OutOfMemoryError'{0x00000000e0003ec8}> (0x00000000e0003ec8) 
thrown [src/hotspot/share/gc/shared/memAllocator.cpp, line 136]
Event: 1092.682 Thread 0x00007fcb78129e60 Exception <a 'java/lang/OutOfMemoryError'{0x00000000e0003ec8}> (0x00000000e0003ec8) 
thrown [src/hotspot/share/oops/instanceKlass.cpp, line 1166]
Event: 1100.635 Thread 0x00007fcc14206370 Exception <a 'java/lang/OutOfMemoryError'{0x00000000e0003ec8}> (0x00000000e0003ec8) 
thrown [src/hotspot/share/gc/shared/memAllocator.cpp, line 136]
Event: 1137.700 Thread 0x00007fcba84808e0 Exception <a 'java/lang/OutOfMemoryError'{0x00000000e0003ba8}> (0x00000000e0003ba8) 
thrown [src/hotspot/share/gc/shared/memAllocator.cpp, line 138]
Event: 1137.700 Thread 0x00007fcba84808e0 Implicit null exception at 0x00007fcc031e460e to 0x00007fcc031e4b87
Event: 1142.081 Thread 0x00007fcc140b21e0 Exception <a 'java/lang/OutOfMemoryError'{0x00000000e0003ec8}> (0x00000000e0003ec8) 
thrown [src/hotspot/share/gc/shared/memAllocator.cpp, line 136]

VM Operations (20 events):
Event: 1123.979 Executing VM operation: ParallelGCFailedAllocation
Event: 1125.517 Executing VM operation: ParallelGCFailedAllocation done
Event: 1125.518 Executing VM operation: ParallelGCFailedAllocation
Event: 1127.012 Executing VM operation: ParallelGCFailedAllocation done
Event: 1127.012 Executing VM operation: ParallelGCFailedAllocation
Event: 1128.777 Executing VM operation: ParallelGCFailedAllocation done
Event: 1128.777 Executing VM operation: ParallelGCFailedAllocation
Event: 1130.333 Executing VM operation: ParallelGCFailedAllocation done
Event: 1130.333 Executing VM operation: ParallelGCFailedAllocation
Event: 1131.806 Executing VM operation: ParallelGCFailedAllocation done
Event: 1131.806 Executing VM operation: ParallelGCFailedAllocation
Event: 1133.286 Executing VM operation: ParallelGCFailedAllocation done
Event: 1133.287 Executing VM operation: ParallelGCFailedAllocation
Event: 1134.793 Executing VM operation: ParallelGCFailedAllocation done
Event: 1134.793 Executing VM operation: ParallelGCFailedAllocation
Event: 1137.700 Executing VM operation: ParallelGCFailedAllocation done
Event: 1137.700 Executing VM operation: ParallelGCFailedAllocation
Event: 1139.378 Executing VM operation: ParallelGCFailedAllocation done
Event: 1139.379 Executing VM operation: ParallelGCFailedAllocation
Event: 1142.081 Executing VM operation: ParallelGCFailedAllocation done

Events (20 events):
Event: 53.888 loading class java/util/AbstractList$SubList done
Event: 55.093 Thread 0x00007fcb78129e60 Thread exited: 0x00007fcb78129e60
Event: 61.390 Thread 0x00007fcc1422f4b0 Thread exited: 0x00007fcc1422f4b0
Event: 94.891 Thread 0x00007fcb64003050 Thread exited: 0x00007fcb64003050
Event: 98.246 Thread 0x00007fcb84429b80 Thread exited: 0x00007fcb84429b80
Event: 128.177 Thread 0x00007fcb84000ff0 Thread exited: 0x00007fcb84000ff0
Event: 129.797 Thread 0x00007fcba8304410 Thread exited: 0x00007fcba8304410
Event: 129.798 Thread 0x00007fcba40015e0 Thread exited: 0x00007fcba40015e0
Event: 380.209 Thread 0x00007fcb844222b0 Thread exited: 0x00007fcb844222b0
Event: 380.209 Thread 0x00007fcb64001dd0 Thread exited: 0x00007fcb64001dd0
Event: 464.997 Thread 0x00007fcb844232a0 Thread exited: 0x00007fcb844232a0
Event: 572.189 Thread 0x00007fcb78129e60 Thread added: 0x00007fcb78129e60
Event: 572.189 Protecting memory [0x00007fcbc0800000,0x00007fcbc0804000] with protection modes 0
Event: 679.186 Thread 0x00007fcb7812ba30 Thread added: 0x00007fcb7812ba30
Event: 679.186 Protecting memory [0x00007fcbc0600000,0x00007fcbc0604000] with protection modes 0
Event: 769.805 Thread 0x00007fcb7812d050 Thread added: 0x00007fcb7812d050
Event: 769.805 Protecting memory [0x00007fcbc1000000,0x00007fcbc1004000] with protection modes 0
Event: 883.809 Thread 0x00007fcb7812d5d0 Thread added: 0x00007fcb7812d5d0
Event: 883.809 Protecting memory [0x00007fcbc0e00000,0x00007fcbc0e04000] with protection modes 0
Event: 1127.012 loading class java/lang/AssertionError


Dynamic libraries:
e0000000-f5580000 rw-p 00000000 00:00 0 
f5580000-f9500000 rw-p 00000000 00:00 0 
f9500000-100000000 ---p 00000000 00:00 0 
800000000-800449000 rw-p 00001000 00:1108 4611686019135357769            /nix/store/gpxl5qgg8kicmcvivwmybwjlpf7wh20l-graalvm17-ce-22.3.0/lib/server/classes.jsa
800449000-800bc8000 r--p 0044a000 00:1108 4611686019135357769            /nix/store/gpxl5qgg8kicmcvivwmybwjlpf7wh20l-graalvm17-ce-22.3.0/lib/server/classes.jsa
800bc8000-800c00000 ---p 00000000 00:00 0 
800c00000-800c20000 rw-p 00000000 00:00 0 
800c20000-800c40000 rw-p 00000000 00:00 0 
800c40000-800cc0000 rw-p 00000000 00:00 0 
800cc0000-800d00000 rw-p 00000000 00:00 0 
800d00000-800dc0000 rw-p 00000000 00:00 0 
800dc0000-800e00000 rw-p 00000000 00:00 0 
800e00000-800f40000 rw-p 00000000 00:00 0 
800f40000-800f80000 rw-p 00000000 00:00 0 
800f80000-801140000 rw-p 00000000 00:00 0 
801140000-801150000 rw-p 00000000 00:00 0 
801150000-801180000 ---p 00000000 00:00 0 
801180000-801260000 rw-p 00000000 00:00 0 
801260000-840c00000 ---p 00000000 00:00 0 
556dc1ecc000-556dc1ecd000 r-xp 00000000 00:1108 4611686019099417844      /nix/store/gpxl5qgg8kicmcvivwmybwjlpf7wh20l-graalvm17-ce-22.3.0/bin/.java-wrapped
556dc1ece000-556dc1ecf000 r--p 00001000 00:1108 4611686019099417844      /nix/store/gpxl5qgg8kicmcvivwmybwjlpf7wh20l-graalvm17-ce-22.3.0/bin/.java-wrapped
556dc1ecf000-556dc1ed0000 rw-p 00002000 00:1108 4611686019099417844      /nix/store/gpxl5qgg8kicmcvivwmybwjlpf7wh20l-graalvm17-ce-22.3.0/bin/.java-wrapped
556dc1ed0000-556dc1ed1000 rw-p 00004000 00:1108 4611686019099417844      /nix/store/gpxl5qgg8kicmcvivwmybwjlpf7wh20l-graalvm17-ce-22.3.0/bin/.java-wrapped
556dc1ed1000-556dc1ed2000 rw-p 00005000 00:1108 4611686019099417844      /nix/store/gpxl5qgg8kicmcvivwmybwjlpf7wh20l-graalvm17-ce-22.3.0/bin/.java-wrapped
556dc247f000-556dc24c7000 rw-p 00000000 00:00 0                          [heap]
7fcb4c000000-7fcb4c148000 rw-p 00000000 00:00 0 
7fcb4c148000-7fcb50000000 ---p 00000000 00:00 0 
7fcb54000000-7fcb54021000 rw-p 00000000 00:00 0 
7fcb54021000-7fcb58000000 ---p 00000000 00:00 0 
7fcb58000000-7fcb58021000 rw-p 00000000 00:00 0 
7fcb58021000-7fcb5c000000 ---p 00000000 00:00 0 
7fcb5c000000-7fcb5c021000 rw-p 00000000 00:00 0 
7fcb5c021000-7fcb60000000 ---p 00000000 00:00 0 
7fcb60000000-7fcb60021000 rw-p 00000000 00:00 0 
7fcb60021000-7fcb64000000 ---p 00000000 00:00 0 
7fcb64000000-7fcb64021000 rw-p 00000000 00:00 0 
7fcb64021000-7fcb68000000 ---p 00000000 00:00 0 
7fcb6a4b3000-7fcb74000000 r--s 00000000 00:1108 4611686019135192581      /nix/store/gpxl5qgg8kicmcvivwmybwjlpf7wh20l-graalvm17-ce-22.3.0/lib/modules
7fcb74000000-7fcb74021000 rw-p 00000000 00:00 0 
7fcb74021000-7fcb78000000 ---p 00000000 00:00 0 
7fcb78000000-7fcb78160000 rw-p 00000000 00:00 0 
7fcb78160000-7fcb7c000000 ---p 00000000 00:00 0 
7fcb7dc00000-7fcb7df00000 rw-p 00000000 00:00 0 
7fcb7df00000-7fcb7df50000 rw-p 00000000 00:00 0 
7fcb7df50000-7fcb7e000000 ---p 00000000 00:00 0 
7fcb7e000000-7fcb7e230000 rw-p 00000000 00:00 0 
7fcb7e230000-7fcb7e400000 ---p 00000000 00:00 0 
7fcb7e800000-7fcb7f000000 rw-p 00000000 00:00 0 
7fcb7f000000-7fcb7f180000 rw-p 00000000 00:00 0 
7fcb7f180000-7fcb7f200000 rw-p 00000000 00:00 0 
7fcb7f200000-7fcb7f500000 rw-p 00000000 00:00 0 
7fcb7f500000-7fcb7f600000 rw-p 00000000 00:00 0 
7fcb7f600000-7fcb7f800000 rw-p 00000000 00:00 0 
7fcb7f800000-7fcb7f900000 rw-p 00000000 00:00 0 
7fcb7f900000-7fcb7fb00000 rw-p 00000000 00:00 0 
7fcb7fb00000-7fcb7fd00000 rw-p 00000000 00:00 0 
7fcb7fd00000-7fcb7fe00000 rw-p 00000000 00:00 0 
7fcb7fe00000-7fcb80000000 rw-p 00000000 00:00 0 
7fcb80000000-7fcb80021000 rw-p 00000000 00:00 0 
7fcb80021000-7fcb84000000 ---p 00000000 00:00 0 
7fcb84000000-7fcb844cb000 rw-p 00000000 00:00 0 
7fcb844cb000-7fcb88000000 ---p 00000000 00:00 0 
7fcb88000000-7fcb8830c000 rw-p 00000000 00:00 0 
7fcb8830c000-7fcb8c000000 ---p 00000000 00:00 0 
7fcb8c000000-7fcb8c021000 rw-p 00000000 00:00 0 
7fcb8c021000-7fcb90000000 ---p 00000000 00:00 0 
7fcb90000000-7fcb90101000 rw-p 00000000 00:00 0 
7fcb90101000-7fcb94000000 ---p 00000000 00:00 0 
7fcb94000000-7fcb9405b000 rw-p 00000000 00:00 0 
7fcb9405b000-7fcb98000000 ---p 00000000 00:00 0 
7fcb98000000-7fcb98021000 rw-p 00000000 00:00 0 
7fcb98021000-7fcb9c000000 ---p 00000000 00:00 0 
7fcb9c000000-7fcb9c190000 rw-p 00000000 00:00 0 
7fcb9c190000-7fcba0000000 ---p 00000000 00:00 0 
7fcba0000000-7fcba0021000 rw-p 00000000 00:00 0 
7fcba0021000-7fcba4000000 ---p 00000000 00:00 0 
7fcba4000000-7fcba40c6000 rw-p 00000000 00:00 0 
7fcba40c6000-7fcba8000000 ---p 00000000 00:00 0 
7fcba8000000-7fcba88e1000 rw-p 00000000 00:00 0 
7fcba88e1000-7fcbac000000 ---p 00000000 00:00 0 
7fcbac000000-7fcbac025000 rw-p 00000000 00:00 0 
7fcbac025000-7fcbb0000000 ---p 00000000 00:00 0 
7fcbb0000000-7fcbb0021000 rw-p 00000000 00:00 0 
7fcbb0021000-7fcbb4000000 ---p 00000000 00:00 0 
7fcbb4000000-7fcbb4021000 rw-p 00000000 00:00 0 
7fcbb4021000-7fcbb8000000 ---p 00000000 00:00 0 
7fcbb8000000-7fcbb8021000 rw-p 00000000 00:00 0 
7fcbb8021000-7fcbbc000000 ---p 00000000 00:00 0 
7fcbbc800000-7fcbbc900000 rw-p 00000000 00:00 0 
7fcbbc900000-7fcbbca00000 rw-p 00000000 00:00 0 
7fcbbca00000-7fcbbcf80000 rw-p 00000000 00:00 0 
7fcbbcf80000-7fcbbd000000 rw-p 00000000 00:00 0 
7fcbbd000000-7fcbbd100000 rw-p 00000000 00:00 0 
7fcbbd100000-7fcbbd200000 rw-p 00000000 00:00 0 
7fcbbd200000-7fcbbd500000 rw-p 00000000 00:00 0 
7fcbbd500000-7fcbbd600000 rw-p 00000000 00:00 0 
7fcbbd600000-7fcbbd800000 rw-p 00000000 00:00 0 
7fcbbd800000-7fcbbd810000 r-xp 00000000 00:10fd 353                      /home/runner/.cache/jdt-language-server/config/org.eclipse.equinox.launcher/org.eclipse.equinox.launcher.gtk.linux.x86_64_1.2.400.v20211117-0650/eclipse_11600.so
7fcbbd810000-7fcbbda0f000 ---p 00010000 00:10fd 353                      /home/runner/.cache/jdt-language-server/config/org.eclipse.equinox.launcher/org.eclipse.equinox.launcher.gtk.linux.x86_64_1.2.400.v20211117-0650/eclipse_11600.so
7fcbbda0f000-7fcbbda10000 r--p 0000f000 00:10fd 353                      /home/runner/.cache/jdt-language-server/config/org.eclipse.equinox.launcher/org.eclipse.equinox.launcher.gtk.linux.x86_64_1.2.400.v20211117-0650/eclipse_11600.so
7fcbbda10000-7fcbbda11000 rw-p 00010000 00:10fd 353                      /home/runner/.cache/jdt-language-server/config/org.eclipse.equinox.launcher/org.eclipse.equinox.launcher.gtk.linux.x86_64_1.2.400.v20211117-0650/eclipse_11600.so
7fcbbef00000-7fcbbf000000 ---p 00000000 00:00 0 
7fcbbf000000-7fcbbf5af000 r--p 01122000 00:1108 4611686019135190040      /nix/store/gpxl5qgg8kicmcvivwmybwjlpf7wh20l-graalvm17-ce-22.3.0/lib/libjvmcicompiler.so
7fcbbf5af000-7fcbbf700000 r--p 00000000 00:00 0 
7fcbbf700000-7fcbbf73d000 rw-p 00000000 00:00 0 
7fcbbf73d000-7fcbbfc5d000 rw-p 0185f000 00:1108 4611686019135190040      /nix/store/gpxl5qgg8kicmcvivwmybwjlpf7wh20l-graalvm17-ce-22.3.0/lib/libjvmcicompiler.so
7fcbbfc5d000-7fcbc0044000 r--p 01d7f000 00:1108 4611686019135190040      /nix/store/gpxl5qgg8kicmcvivwmybwjlpf7wh20l-graalvm17-ce-22.3.0/lib/libjvmcicompiler.so
7fcbc0100000-7fcbc0104000 ---p 00000000 00:00 0 
7fcbc0104000-7fcbc0200000 rw-p 00000000 00:00 0 
7fcbc0300000-7fcbc0304000 ---p 00000000 00:00 0 
7fcbc0304000-7fcbc0400000 rw-p 00000000 00:00 0 
7fcbc0500000-7fcbc0504000 ---p 00000000 00:00 0 
7fcbc0504000-7fcbc0600000 rw-p 00000000 00:00 0 
7fcbc0600000-7fcbc0604000 ---p 00000000 00:00 0 
7fcbc0604000-7fcbc0700000 rw-p 00000000 00:00 0 
7fcbc0700000-7fcbc0704000 ---p 00000000 00:00 0 
7fcbc0704000-7fcbc0800000 rw-p 00000000 00:00 0 
7fcbc0800000-7fcbc0804000 ---p 00000000 00:00 0 
7fcbc0804000-7fcbc0900000 rw-p 00000000 00:00 0 
7fcbc0900000-7fcbc0904000 ---p 00000000 00:00 0 
7fcbc0904000-7fcbc0a00000 rw-p 00000000 00:00 0 
7fcbc0b00000-7fcbc0b04000 ---p 00000000 00:00 0 
7fcbc0b04000-7fcbc0c00000 rw-p 00000000 00:00 0 
7fcbc0d00000-7fcbc0d04000 ---p 00000000 00:00 0 
7fcbc0d04000-7fcbc0e00000 rw-p 00000000 00:00 0 
7fcbc0e00000-7fcbc0e04000 ---p 00000000 00:00 0 
7fcbc0e04000-7fcbc0f00000 rw-p 00000000 00:00 0 
7fcbc0f00000-7fcbc0f04000 ---p 00000000 00:00 0 
7fcbc0f04000-7fcbc1000000 rw-p 00000000 00:00 0 
7fcbc1000000-7fcbc1004000 ---p 00000000 00:00 0 
7fcbc1004000-7fcbc1100000 rw-p 00000000 00:00 0 
7fcbc1100000-7fcbc1104000 ---p 00000000 00:00 0 
7fcbc1104000-7fcbc1200000 rw-p 00000000 00:00 0 
7fcbc1300000-7fcbc1304000 ---p 00000000 00:00 0 
7fcbc1304000-7fcbc1400000 rw-p 00000000 00:00 0 
7fcbc1500000-7fcbc1504000 ---p 00000000 00:00 0 
7fcbc1504000-7fcbc1600000 rw-p 00000000 00:00 0 
7fcbc1700000-7fcbc1704000 ---p 00000000 00:00 0 
7fcbc1704000-7fcbc1800000 rw-p 00000000 00:00 0 
7fcbc1900000-7fcbc1904000 ---p 00000000 00:00 0 
7fcbc1904000-7fcbc1a00000 rw-p 00000000 00:00 0 
7fcbc1b00000-7fcbc1b04000 ---p 00000000 00:00 0 
7fcbc1b04000-7fcbc1c00000 rw-p 00000000 00:00 0 
7fcbc1c00000-7fcbc3d6a000 r-xp 00000000 00:1108 4611686019135190040      /nix/store/gpxl5qgg8kicmcvivwmybwjlpf7wh20l-graalvm17-ce-22.3.0/lib/libjvmcicompiler.so
7fcbc3d6a000-7fcbc3f69000 ---p 0216a000 00:1108 4611686019135190040      /nix/store/gpxl5qgg8kicmcvivwmybwjlpf7wh20l-graalvm17-ce-22.3.0/lib/libjvmcicompiler.so
7fcbc3f69000-7fcbc3f6a000 r--p 02169000 00:1108 4611686019135190040      /nix/store/gpxl5qgg8kicmcvivwmybwjlpf7wh20l-graalvm17-ce-22.3.0/lib/libjvmcicompiler.so
7fcbc3f6a000-7fcbc3f6c000 rw-p 0216a000 00:1108 4611686019135190040      /nix/store/gpxl5qgg8kicmcvivwmybwjlpf7wh20l-graalvm17-ce-22.3.0/lib/libjvmcicompiler.so
7fcbc3f6c000-7fcbc3f6d000 rw-p 00000000 00:00 0 
7fcbc3f6d000-7fcbc3f72000 rw-p 023c3000 00:1108 4611686019135190040      /nix/store/gpxl5qgg8kicmcvivwmybwjlpf7wh20l-graalvm17-ce-22.3.0/lib/libjvmcicompiler.so
7fcbc4000000-7fcbc4021000 rw-p 00000000 00:00 0 
7fcbc4021000-7fcbc8000000 ---p 00000000 00:00 0 
7fcbc8000000-7fcbc8021000 rw-p 00000000 00:00 0 
7fcbc8021000-7fcbcc000000 ---p 00000000 00:00 0 
7fcbcc000000-7fcbcc021000 rw-p 00000000 00:00 0 
7fcbcc021000-7fcbd0000000 ---p 00000000 00:00 0 
7fcbd0000000-7fcbd0021000 rw-p 00000000 00:00 0 
7fcbd0021000-7fcbd4000000 ---p 00000000 00:00 0 
7fcbd4000000-7fcbd40c8000 rw-p 00000000 00:00 0 
7fcbd40c8000-7fcbd8000000 ---p 00000000 00:00 0 
7fcbd8000000-7fcbd8b5d000 rw-p 00000000 00:00 0 
7fcbd8b5d000-7fcbdc000000 ---p 00000000 00:00 0 
7fcbdc000000-7fcbdc021000 rw-p 00000000 00:00 0 
7fcbdc021000-7fcbe0000000 ---p 00000000 00:00 0 
7fcbe0000000-7fcbe0021000 rw-p 00000000 00:00 0 
7fcbe0021000-7fcbe4000000 ---p 00000000 00:00 0 
7fcbe4000000-7fcbe4021000 rw-p 00000000 00:00 0 
7fcbe4021000-7fcbe8000000 ---p 00000000 00:00 0 
7fcbe8000000-7fcbe8021000 rw-p 00000000 00:00 0 
7fcbe8021000-7fcbec000000 ---p 00000000 00:00 0 
7fcbec000000-7fcbec021000 rw-p 00000000 00:00 0 
7fcbec021000-7fcbf0000000 ---p 00000000 00:00 0 
7fcbf0000000-7fcbf0021000 rw-p 00000000 00:00 0 
7fcbf0021000-7fcbf4000000 ---p 00000000 00:00 0 
7fcbf4000000-7fcbf4074000 rw-p 00000000 00:00 0 
7fcbf4074000-7fcbf8000000 ---p 00000000 00:00 0 
7fcbf8000000-7fcbf8004000 ---p 00000000 00:00 0 
7fcbf8004000-7fcbf8100000 rw-p 00000000 00:00 0 
7fcbf8200000-7fcbf8204000 ---p 00000000 00:00 0 
7fcbf8204000-7fcbf8300000 rw-p 00000000 00:00 0 
7fcbf8400000-7fcbf8404000 ---p 00000000 00:00 0 
7fcbf8404000-7fcbf8500000 rw-p 00000000 00:00 0 
7fcbf8600000-7fcbf8604000 ---p 00000000 00:00 0 
7fcbf8604000-7fcbf8700000 rw-p 00000000 00:00 0 
7fcbf9468000-7fcbf9900000 rw-p 00000000 00:00 0 
7fcbf9918000-7fcbf9919000 ---p 00000000 00:00 0 
7fcbf9919000-7fcbf9a1a000 rw-p 00000000 00:00 0 
7fcbf9a1a000-7fcbf9a1e000 ---p 00000000 00:00 0 
7fcbf9a1e000-7fcbf9b1a000 rw-p 00000000 00:00 0 
7fcbf9b1a000-7fcbf9b1e000 ---p 00000000 00:00 0 
7fcbf9b1e000-7fcbf9c1a000 rw-p 00000000 00:00 0 
7fcbf9c1a000-7fcbf9c1e000 ---p 00000000 00:00 0 
7fcbf9c1e000-7fcbf9d1a000 rw-p 00000000 00:00 0 
7fcbf9d1a000-7fcbf9d1e000 ---p 00000000 00:00 0 
7fcbf9d1e000-7fcbf9f1a000 rw-p 00000000 00:00 0 
7fcbf9f1a000-7fcbf9f1e000 ---p 00000000 00:00 0 
7fcbf9f1e000-7fcbfa11a000 rw-p 00000000 00:00 0 
7fcbfa11a000-7fcbfa11e000 ---p 00000000 00:00 0 
7fcbfa11e000-7fcbfa21a000 rw-p 00000000 00:00 0 
7fcbfa21a000-7fcbfa21e000 ---p 00000000 00:00 0 
7fcbfa21e000-7fcbfa31a000 rw-p 00000000 00:00 0 
7fcbfa31a000-7fcbfa31e000 ---p 00000000 00:00 0 
7fcbfa31e000-7fcbfa41a000 rw-p 00000000 00:00 0 
7fcbfa41a000-7fcbfa700000 r--p 00000000 00:10c3 28444448                 /usr/lib/locale/locale-archive
7fcbfa700000-7fcbfa704000 ---p 00000000 00:00 0 
7fcbfa704000-7fcbfac00000 rw-p 00000000 00:00 0 
7fcbfac00000-7fcbfaf00000 rw-p 00000000 00:00 0 
7fcbfaf00000-7fcbfb000000 rw-p 00000000 00:00 0 
7fcbfb092000-7fcbfb094000 r-xp 00000000 00:1108 4611686019135190017      /nix/store/gpxl5qgg8kicmcvivwmybwjlpf7wh20l-graalvm17-ce-22.3.0/lib/libextnet.so
7fcbfb094000-7fcbfb095000 r--p 00001000 00:1108 4611686019135190017      /nix/store/gpxl5qgg8kicmcvivwmybwjlpf7wh20l-graalvm17-ce-22.3.0/lib/libextnet.so
7fcbfb095000-7fcbfb096000 rw-p 00002000 00:1108 4611686019135190017      /nix/store/gpxl5qgg8kicmcvivwmybwjlpf7wh20l-graalvm17-ce-22.3.0/lib/libextnet.so
7fcbfb096000-7fcbfb097000 rw-p 00004000 00:1108 4611686019135190017      /nix/store/gpxl5qgg8kicmcvivwmybwjlpf7wh20l-graalvm17-ce-22.3.0/lib/libextnet.so
7fcbfb097000-7fcbfb09b000 ---p 00000000 00:00 0 
7fcbfb09b000-7fcbfb0b9000 rw-p 00000000 00:00 0 
7fcbfb0b9000-7fcbfb0c0000 r-xp 00000000 00:1108 4611686019135192580      /nix/store/gpxl5qgg8kicmcvivwmybwjlpf7wh20l-graalvm17-ce-22.3.0/lib/libzip.so
7fcbfb0c0000-7fcbfb0c1000 ---p 00007000 00:1108 4611686019135192580      /nix/store/gpxl5qgg8kicmcvivwmybwjlpf7wh20l-graalvm17-ce-22.3.0/lib/libzip.so
7fcbfb0c1000-7fcbfb0c2000 r--p 00007000 00:1108 4611686019135192580      /nix/store/gpxl5qgg8kicmcvivwmybwjlpf7wh20l-graalvm17-ce-22.3.0/lib/libzip.so
7fcbfb0c2000-7fcbfb0c3000 rw-p 00008000 00:1108 4611686019135192580      /nix/store/gpxl5qgg8kicmcvivwmybwjlpf7wh20l-graalvm17-ce-22.3.0/lib/libzip.so
7fcbfb0c3000-7fcbfb0c5000 rw-p 0000b000 00:1108 4611686019135192580      /nix/store/gpxl5qgg8kicmcvivwmybwjlpf7wh20l-graalvm17-ce-22.3.0/lib/libzip.so
7fcbfb0c5000-7fcbfb0da000 r-xp 00000000 00:1108 4611686019135192570      /nix/store/gpxl5qgg8kicmcvivwmybwjlpf7wh20l-graalvm17-ce-22.3.0/lib/libnet.so
7fcbfb0da000-7fcbfb0db000 ---p 00015000 00:1108 4611686019135192570      /nix/store/gpxl5qgg8kicmcvivwmybwjlpf7wh20l-graalvm17-ce-22.3.0/lib/libnet.so
7fcbfb0db000-7fcbfb0dc000 r--p 00015000 00:1108 4611686019135192570      /nix/store/gpxl5qgg8kicmcvivwmybwjlpf7wh20l-graalvm17-ce-22.3.0/lib/libnet.so
7fcbfb0dc000-7fcbfb0dd000 rw-p 00016000 00:1108 4611686019135192570      /nix/store/gpxl5qgg8kicmcvivwmybwjlpf7wh20l-graalvm17-ce-22.3.0/lib/libnet.so
7fcbfb0dd000-7fcbfb0e0000 rw-p 0001b000 00:1108 4611686019135192570      /nix/store/gpxl5qgg8kicmcvivwmybwjlpf7wh20l-graalvm17-ce-22.3.0/lib/libnet.so
7fcbfb0e0000-7fcbfb0e4000 ---p 00000000 00:00 0 
7fcbfb0e4000-7fcbfb1e0000 rw-p 00000000 00:00 0 
7fcbfb1e0000-7fcbfb1e1000 ---p 00000000 00:00 0 
7fcbfb1e1000-7fcbfb2e2000 rw-p 00000000 00:00 0 
7fcbfb2e2000-7fcbfb3b0000 r-xp 00000000 00:1108 4611686019135190036      /nix/store/gpxl5qgg8kicmcvivwmybwjlpf7wh20l-graalvm17-ce-22.3.0/lib/libjsvml.so
7fcbfb3b0000-7fcbfb3b1000 r--p 000cd000 00:1108 4611686019135190036      /nix/store/gpxl5qgg8kicmcvivwmybwjlpf7wh20l-graalvm17-ce-22.3.0/lib/libjsvml.so
7fcbfb3b1000-7fcbfb3b2000 rw-p 000ce000 00:1108 4611686019135190036      /nix/store/gpxl5qgg8kicmcvivwmybwjlpf7wh20l-graalvm17-ce-22.3.0/lib/libjsvml.so
7fcbfb3b2000-7fcbfb4b3000 rw-p 00000000 00:00 0 
7fcbfb4b3000-7fcbfb723000 rwxp 00000000 00:00 0 
7fcbfb723000-7fcbfba42000 ---p 00000000 00:00 0 
7fcbfba42000-7fcbfca22000 rwxp 00000000 00:00 0 
7fcbfca22000-7fcc02f7a000 ---p 00000000 00:00 0 
7fcc02f7a000-7fcc031fa000 rwxp 00000000 00:00 0 
7fcc031fa000-7fcc0a4b3000 ---p 00000000 00:00 0 
7fcc0a4b3000-7fcc14000000 r--s 00000000 00:1108 4611686019135192581      /nix/store/gpxl5qgg8kicmcvivwmybwjlpf7wh20l-graalvm17-ce-22.3.0/lib/modules
7fcc14000000-7fcc1463a000 rw-p 00000000 00:00 0 
7fcc1463a000-7fcc18000000 ---p 00000000 00:00 0 
7fcc18002000-7fcc18015000 r-xp 00000000 00:1108 4611686019135192571      /nix/store/gpxl5qgg8kicmcvivwmybwjlpf7wh20l-graalvm17-ce-22.3.0/lib/libnio.so
7fcc18015000-7fcc18016000 r--p 00012000 00:1108 4611686019135192571      /nix/store/gpxl5qgg8kicmcvivwmybwjlpf7wh20l-graalvm17-ce-22.3.0/lib/libnio.so
7fcc18016000-7fcc18017000 rw-p 00013000 00:1108 4611686019135192571      /nix/store/gpxl5qgg8kicmcvivwmybwjlpf7wh20l-graalvm17-ce-22.3.0/lib/libnio.so
7fcc18017000-7fcc1801c000 rw-p 00019000 00:1108 4611686019135192571      /nix/store/gpxl5qgg8kicmcvivwmybwjlpf7wh20l-graalvm17-ce-22.3.0/lib/libnio.so
7fcc1801c000-7fcc197f3000 rw-p 00000000 00:00 0 
7fcc197f3000-7fcc197f4000 ---p 00000000 00:00 0 
7fcc197f4000-7fcc1999f000 rw-p 00000000 00:00 0 
7fcc1999f000-7fcc199c0000 rw-p 00000000 00:00 0 
7fcc199c0000-7fcc199f5000 ---p 00000000 00:00 0 
7fcc199f5000-7fcc199fb000 rw-p 00000000 00:00 0 
7fcc199fb000-7fcc19ae1000 ---p 00000000 00:00 0 
7fcc19ae1000-7fcc19b01000 rw-p 00000000 00:00 0 
7fcc19b01000-7fcc19bcc000 ---p 00000000 00:00 0 
7fcc19bcc000-7fcc19bd1000 rw-p 00000000 00:00 0 
7fcc19bd1000-7fcc19bd8000 ---p 00000000 00:00 0 
7fcc19bd8000-7fcc19bfc000 r-xp 00000000 00:1108 4611686019135190028      /nix/store/gpxl5qgg8kicmcvivwmybwjlpf7wh20l-graalvm17-ce-22.3.0/lib/libjava.so
7fcc19bfc000-7fcc19bfd000 ---p 00024000 00:1108 4611686019135190028      /nix/store/gpxl5qgg8kicmcvivwmybwjlpf7wh20l-graalvm17-ce-22.3.0/lib/libjava.so
7fcc19bfd000-7fcc19bfe000 r--p 00024000 00:1108 4611686019135190028      /nix/store/gpxl5qgg8kicmcvivwmybwjlpf7wh20l-graalvm17-ce-22.3.0/lib/libjava.so
7fcc19bfe000-7fcc19bff000 rw-p 00025000 00:1108 4611686019135190028      /nix/store/gpxl5qgg8kicmcvivwmybwjlpf7wh20l-graalvm17-ce-22.3.0/lib/libjava.so
7fcc19bff000-7fcc19c00000 rw-p 00000000 00:00 0 
7fcc19c00000-7fcc19c07000 rw-p 0002f000 00:1108 4611686019135190028      /nix/store/gpxl5qgg8kicmcvivwmybwjlpf7wh20l-graalvm17-ce-22.3.0/lib/libjava.so
7fcc19c07000-7fcc19c0f000 rw-s 00000000 00:28c 350                       /tmp/hsperfdata_runner/30
7fcc19c0f000-7fcc19c10000 ---p 00000000 00:00 0 
7fcc19c10000-7fcc19c11000 r--p 00000000 00:00 0 
7fcc19c11000-7fcc19c12000 rwxp 00000000 00:00 0 
7fcc19c12000-7fcc19c2d000 r-xp 00000000 00:1108 4611686019135190032      /nix/store/gpxl5qgg8kicmcvivwmybwjlpf7wh20l-graalvm17-ce-22.3.0/lib/libjimage.so
7fcc19c2d000-7fcc19c2e000 ---p 0001b000 00:1108 4611686019135190032      /nix/store/gpxl5qgg8kicmcvivwmybwjlpf7wh20l-graalvm17-ce-22.3.0/lib/libjimage.so
7fcc19c2e000-7fcc19c30000 r--p 0001b000 00:1108 4611686019135190032      /nix/store/gpxl5qgg8kicmcvivwmybwjlpf7wh20l-graalvm17-ce-22.3.0/lib/libjimage.so
7fcc19c30000-7fcc19c31000 rw-p 0001d000 00:1108 4611686019135190032      /nix/store/gpxl5qgg8kicmcvivwmybwjlpf7wh20l-graalvm17-ce-22.3.0/lib/libjimage.so
7fcc19c31000-7fcc19c32000 rw-p 00024000 00:1108 4611686019135190032      /nix/store/gpxl5qgg8kicmcvivwmybwjlpf7wh20l-graalvm17-ce-22.3.0/lib/libjimage.so
7fcc19c32000-7fcc19c36000 ---p 00000000 00:00 0 
7fcc19c36000-7fcc19d32000 rw-p 00000000 00:00 0 
7fcc19d32000-7fcc19d40000 r--p 00000000 00:1108 4611686019027979927      /nix/store/4nlgxhb09sdr51nc9hdm8az5b08vzkgx-glibc-2.35-163/lib/libm.so.6
7fcc19d40000-7fcc19db3000 r-xp 0000e000 00:1108 4611686019027979927      /nix/store/4nlgxhb09sdr51nc9hdm8az5b08vzkgx-glibc-2.35-163/lib/libm.so.6
7fcc19db3000-7fcc19e10000 r--p 00081000 00:1108 4611686019027979927      /nix/store/4nlgxhb09sdr51nc9hdm8az5b08vzkgx-glibc-2.35-163/lib/libm.so.6
7fcc19e10000-7fcc19e11000 r--p 000dd000 00:1108 4611686019027979927      /nix/store/4nlgxhb09sdr51nc9hdm8az5b08vzkgx-glibc-2.35-163/lib/libm.so.6
7fcc19e11000-7fcc19e12000 rw-p 000de000 00:1108 4611686019027979927      /nix/store/4nlgxhb09sdr51nc9hdm8az5b08vzkgx-glibc-2.35-163/lib/libm.so.6
7fcc19e12000-7fcc19e13000 r--p 00000000 00:1108 4611686019027979946      /nix/store/4nlgxhb09sdr51nc9hdm8az5b08vzkgx-glibc-2.35-163/lib/librt.so.1
7fcc19e13000-7fcc19e14000 r-xp 00001000 00:1108 4611686019027979946      /nix/store/4nlgxhb09sdr51nc9hdm8az5b08vzkgx-glibc-2.35-163/lib/librt.so.1
7fcc19e14000-7fcc19e15000 r--p 00002000 00:1108 4611686019027979946      /nix/store/4nlgxhb09sdr51nc9hdm8az5b08vzkgx-glibc-2.35-163/lib/librt.so.1
7fcc19e15000-7fcc19e16000 r--p 00002000 00:1108 4611686019027979946      /nix/store/4nlgxhb09sdr51nc9hdm8az5b08vzkgx-glibc-2.35-163/lib/librt.so.1
7fcc19e16000-7fcc19e17000 rw-p 00003000 00:1108 4611686019027979946      /nix/store/4nlgxhb09sdr51nc9hdm8az5b08vzkgx-glibc-2.35-163/lib/librt.so.1
7fcc19e17000-7fcc1af2a000 r-xp 00000000 00:1108 4611686019135360866      /nix/store/gpxl5qgg8kicmcvivwmybwjlpf7wh20l-graalvm17-ce-22.3.0/lib/server/libjvm.so
7fcc1af2a000-7fcc1af2b000 ---p 01113000 00:1108 4611686019135360866      /nix/store/gpxl5qgg8kicmcvivwmybwjlpf7wh20l-graalvm17-ce-22.3.0/lib/server/libjvm.so
7fcc1af2b000-7fcc1afe0000 r--p 01113000 00:1108 4611686019135360866      /nix/store/gpxl5qgg8kicmcvivwmybwjlpf7wh20l-graalvm17-ce-22.3.0/lib/server/libjvm.so
7fcc1afe0000-7fcc1b014000 rw-p 011c8000 00:1108 4611686019135360866      /nix/store/gpxl5qgg8kicmcvivwmybwjlpf7wh20l-graalvm17-ce-22.3.0/lib/server/libjvm.so
7fcc1b014000-7fcc1b070000 rw-p 00000000 00:00 0 
7fcc1b070000-7fcc1b098000 r--p 00000000 00:1108 4611686019027979918      /nix/store/4nlgxhb09sdr51nc9hdm8az5b08vzkgx-glibc-2.35-163/lib/libc.so.6
7fcc1b098000-7fcc1b20e000 r-xp 00028000 00:1108 4611686019027979918      /nix/store/4nlgxhb09sdr51nc9hdm8az5b08vzkgx-glibc-2.35-163/lib/libc.so.6
7fcc1b20e000-7fcc1b266000 r--p 0019e000 00:1108 4611686019027979918      /nix/store/4nlgxhb09sdr51nc9hdm8az5b08vzkgx-glibc-2.35-163/lib/libc.so.6
7fcc1b266000-7fcc1b26a000 r--p 001f6000 00:1108 4611686019027979918      /nix/store/4nlgxhb09sdr51nc9hdm8az5b08vzkgx-glibc-2.35-163/lib/libc.so.6
7fcc1b26a000-7fcc1b26c000 rw-p 001fa000 00:1108 4611686019027979918      /nix/store/4nlgxhb09sdr51nc9hdm8az5b08vzkgx-glibc-2.35-163/lib/libc.so.6
7fcc1b26c000-7fcc1b27b000 rw-p 00000000 00:00 0 
7fcc1b27b000-7fcc1b27c000 r--p 00000000 00:1108 4611686019027979923      /nix/store/4nlgxhb09sdr51nc9hdm8az5b08vzkgx-glibc-2.35-163/lib/libdl.so.2
7fcc1b27c000-7fcc1b27d000 r-xp 00001000 00:1108 4611686019027979923      /nix/store/4nlgxhb09sdr51nc9hdm8az5b08vzkgx-glibc-2.35-163/lib/libdl.so.2
7fcc1b27d000-7fcc1b27e000 r--p 00002000 00:1108 4611686019027979923      /nix/store/4nlgxhb09sdr51nc9hdm8az5b08vzkgx-glibc-2.35-163/lib/libdl.so.2
7fcc1b27e000-7fcc1b27f000 r--p 00002000 00:1108 4611686019027979923      /nix/store/4nlgxhb09sdr51nc9hdm8az5b08vzkgx-glibc-2.35-163/lib/libdl.so.2
7fcc1b27f000-7fcc1b280000 rw-p 00003000 00:1108 4611686019027979923      /nix/store/4nlgxhb09sdr51nc9hdm8az5b08vzkgx-glibc-2.35-163/lib/libdl.so.2
7fcc1b280000-7fcc1b281000 r--p 00000000 00:1108 4611686019027979942      /nix/store/4nlgxhb09sdr51nc9hdm8az5b08vzkgx-glibc-2.35-163/lib/libpthread.so.0
7fcc1b281000-7fcc1b282000 r-xp 00001000 00:1108 4611686019027979942      /nix/store/4nlgxhb09sdr51nc9hdm8az5b08vzkgx-glibc-2.35-163/lib/libpthread.so.0
7fcc1b282000-7fcc1b283000 r--p 00002000 00:1108 4611686019027979942      /nix/store/4nlgxhb09sdr51nc9hdm8az5b08vzkgx-glibc-2.35-163/lib/libpthread.so.0
7fcc1b283000-7fcc1b284000 r--p 00002000 00:1108 4611686019027979942      /nix/store/4nlgxhb09sdr51nc9hdm8az5b08vzkgx-glibc-2.35-163/lib/libpthread.so.0
7fcc1b284000-7fcc1b285000 rw-p 00003000 00:1108 4611686019027979942      /nix/store/4nlgxhb09sdr51nc9hdm8az5b08vzkgx-glibc-2.35-163/lib/libpthread.so.0
7fcc1b285000-7fcc1b293000 r-xp 00000000 00:1108 4611686019135190033      /nix/store/gpxl5qgg8kicmcvivwmybwjlpf7wh20l-graalvm17-ce-22.3.0/lib/libjli.so
7fcc1b293000-7fcc1b294000 ---p 0000e000 00:1108 4611686019135190033      /nix/store/gpxl5qgg8kicmcvivwmybwjlpf7wh20l-graalvm17-ce-22.3.0/lib/libjli.so
7fcc1b294000-7fcc1b295000 r--p 0000e000 00:1108 4611686019135190033      /nix/store/gpxl5qgg8kicmcvivwmybwjlpf7wh20l-graalvm17-ce-22.3.0/lib/libjli.so
7fcc1b295000-7fcc1b296000 rw-p 0000f000 00:1108 4611686019135190033      /nix/store/gpxl5qgg8kicmcvivwmybwjlpf7wh20l-graalvm17-ce-22.3.0/lib/libjli.so
7fcc1b296000-7fcc1b297000 rw-p 00012000 00:1108 4611686019135190033      /nix/store/gpxl5qgg8kicmcvivwmybwjlpf7wh20l-graalvm17-ce-22.3.0/lib/libjli.so
7fcc1b297000-7fcc1b29a000 r--p 00000000 00:1108 4611686019106210071      /nix/store/026hln0aq1hyshaxsdvhg0kmcm6yf45r-zlib-1.2.13/lib/libz.so.1.2.13
7fcc1b29a000-7fcc1b2ac000 r-xp 00003000 00:1108 4611686019106210071      /nix/store/026hln0aq1hyshaxsdvhg0kmcm6yf45r-zlib-1.2.13/lib/libz.so.1.2.13
7fcc1b2ac000-7fcc1b2b3000 r--p 00015000 00:1108 4611686019106210071      /nix/store/026hln0aq1hyshaxsdvhg0kmcm6yf45r-zlib-1.2.13/lib/libz.so.1.2.13
7fcc1b2b3000-7fcc1b2b4000 r--p 0001b000 00:1108 4611686019106210071      /nix/store/026hln0aq1hyshaxsdvhg0kmcm6yf45r-zlib-1.2.13/lib/libz.so.1.2.13
7fcc1b2b4000-7fcc1b2b5000 rw-p 0001c000 00:1108 4611686019106210071      /nix/store/026hln0aq1hyshaxsdvhg0kmcm6yf45r-zlib-1.2.13/lib/libz.so.1.2.13
7fcc1b2b5000-7fcc1b2b7000 rw-p 00000000 00:00 0 
7fcc1b2b7000-7fcc1b2b9000 r--p 00000000 00:1108 4611686019027979912      /nix/store/4nlgxhb09sdr51nc9hdm8az5b08vzkgx-glibc-2.35-163/lib/ld-linux-x86-64.so.2
7fcc1b2b9000-7fcc1b2e0000 r-xp 00002000 00:1108 4611686019027979912      /nix/store/4nlgxhb09sdr51nc9hdm8az5b08vzkgx-glibc-2.35-163/lib/ld-linux-x86-64.so.2
7fcc1b2e0000-7fcc1b2ec000 r--p 00029000 00:1108 4611686019027979912      /nix/store/4nlgxhb09sdr51nc9hdm8az5b08vzkgx-glibc-2.35-163/lib/ld-linux-x86-64.so.2
7fcc1b2ec000-7fcc1b2ee000 r--p 00034000 00:1108 4611686019027979912      /nix/store/4nlgxhb09sdr51nc9hdm8az5b08vzkgx-glibc-2.35-163/lib/ld-linux-x86-64.so.2
7fcc1b2ee000-7fcc1b2f0000 rw-p 00036000 00:1108 4611686019027979912      /nix/store/4nlgxhb09sdr51nc9hdm8az5b08vzkgx-glibc-2.35-163/lib/ld-linux-x86-64.so.2
7ffd679f7000-7ffd67a1b000 rw-p 00000000 00:00 0                          [stack]
7ffd67be5000-7ffd67be9000 r--p 00000000 00:00 0                          [vvar]
7ffd67be9000-7ffd67beb000 r-xp 00000000 00:00 0                          [vdso]
ffffffffff600000-ffffffffff601000 --xp 00000000 00:00 0                  [vsyscall]


VM Arguments:
jvm_args: -XX:ThreadPriorityPolicy=1 -XX:+UnlockExperimentalVMOptions -XX:+EnableJVMCIProduct -XX:JVMCIThreadsPerNativeLibraryRuntime=1 -XX:-UnlockExperimentalVMOptions -Declipse.application=org.eclipse.jdt.ls.core.id1 -Dosgi.bundles.defaultStartLevel=4 -Declipse.product=org.eclipse.jdt.ls.core.product -Dlog.level=ALL -Xverify:none -XX:+UseParallelGC -XX:GCTimeRatio=4 -XX:AdaptiveSizePolicyWeight=90 -Dsun.zip.disableMemoryMapping=true -Xmx512m -Xms100m 
java_command: /nix/store/m6gcpi1ii6rghy04cjwjddcavv7i90df-jdt-language-server-1.9.0/share/java/plugins/org.eclipse.equinox.launcher_1.6.400.v20210924-0641.jar --add-modules=ALL-SYSTEM --add-opens java.base/java.util=ALL-UNNAMED --add-opens java.base/java.lang=ALL-UNNAMED -configuration /home/runner/.cache/jdt-language-server/config -data /home/runner/.cache/jdt-language-server/data/home/runner/InventorySystem
java_class_path (initial): /nix/store/m6gcpi1ii6rghy04cjwjddcavv7i90df-jdt-language-server-1.9.0/share/java/plugins/org.eclipse.equinox.launcher_1.6.400.v20210924-0641.jar
Launcher Type: SUN_STANDARD

[Global flags]
    uintx AdaptiveSizePolicyWeight                 = 90                                        {product} {command line}
     intx CICompilerCount                          = 2                                         {product} {ergonomic}
     bool EnableJVMCIProduct                       = true                                {JVMCI product} {jimage}
    uintx GCTimeRatio                              = 4                                         {product} {command line}
   size_t InitialHeapSize                          = 104857600                                 {product} {command line}
     uint JVMCIThreadsPerNativeLibraryRuntime      = 1                                   {JVMCI product} {jimage}
   size_t MaxHeapSize                              = 536870912                                 {product} {command line}
   size_t MaxNewSize                               = 178782208                                 {product} {ergonomic}
   size_t MinHeapDeltaBytes                        = 524288                                    {product} {ergonomic}
   size_t MinHeapSize                              = 104857600                                 {product} {command line}
   size_t NewSize                                  = 34603008                                  {product} {ergonomic}
    uintx NonNMethodCodeHeapSize                   = 5826188                                {pd product} {ergonomic}
    uintx NonProfiledCodeHeapSize                  = 122916026                              {pd product} {ergonomic}
   size_t OldSize                                  = 70254592                                  {product} {ergonomic}
    uintx ProfiledCodeHeapSize                     = 122916026                              {pd product} {ergonomic}
    uintx ReservedCodeCacheSize                    = 251658240                              {pd product} {ergonomic}
     bool SegmentedCodeCache                       = true                                      {product} {ergonomic}
   size_t SoftMaxHeapSize                          = 536870912                              {manageable} {ergonomic}
     intx ThreadPriorityPolicy                     = 1                                         {product} {jimage}
     bool UseCompressedClassPointers               = true                           {product lp64_product} {ergonomic}
     bool UseCompressedOops                        = true                           {product lp64_product} {ergonomic}
     bool UseParallelGC                            = true                                      {product} {command line}

Logging:
Log output configuration:
 #0: stdout all=warning uptime,level,tags
 #1: stderr all=off uptime,level,tags

Environment Variables:
JAVA_HOME=/nix/store/gpxl5qgg8kicmcvivwmybwjlpf7wh20l-graalvm17-ce-22.3.0
PATH=/nix/store/1d6ian3r8kdzspw8hacjhl3xkp40g1lj-binutils-wrapper-2.39/bin:/nix/store/dq0xwmsk1g0i2ayg6pb7y87na2knzylh-gcc-wrapper-11.3.0/bin:/nix/store/bap4d0lpcrhpwmpb8ayjcgkmvfj62lnq-bash-interactive-5.1-p16/bin:/nix/store/pr5n59mb4jzmfx6kanwxly0l07p861fg-patchelf-0.15.0/bin:/nix/store/1gf2flfqnpqbr1b4p4qz2f72y42bs56r-gcc-11.3.0/bin:/nix/store/57xv61c5zi8pphjbcwxxjlgc34p61ic9-glibc-2.35-163-bin/bin:/nix/store/a7gvj343m05j2s32xcnwr35v31ynlypr-coreutils-9.1/bin:/nix/store/039g378vc3pc3dvi9dzdlrd0i4q93qwf-binutils-2.39/bin:/nix/store/gpxl5qgg8kicmcvivwmybwjlpf7wh20l-graalvm17-ce-22.3.0/bin:/nix/store/6z9ag3ihc8mq2hzsw48lhbznvzny65nz-apache-maven-3.8.6/bin:/nix/store/m6gcpi1ii6rghy04cjwjddcavv7i90df-jdt-language-server-1.9.0/bin:/nix/store/84xs5alhs01zrbr4ywm05kxbjbp5590l-java-debug/bin:/nix/store/mydc6f4k2z73xlcz7ilif3v2lcaiqvza-findutils-4.9.0/bin:/nix/store/j9p3g8472iijd50vhdprx0nmk2fqn5gv-diffutils-3.8/bin:/nix/store/89zs7rms6x00xfq4dq6m7mjnhkr8a6r4-gnused-4.8/bin:/nix/store/86bp03jkmsl6f92w0yzg4s59g5mhxwmy-gnugrep-3.7/bin:/nix/store/hwcdqw4jrjnd37wxqgsd47hd0j8bnj09-gawk-5.1.1/bin:/nix/store/cfbhw8r8ags41vwqaz47r583d0p4h4a1-gnutar-1.34/bin:/nix/store/p3m1ndl1lapwrlh698bnb5lvvxh67378-gzip-1.12/bin:/nix/store/a8mhcagrsly7c7mpjrpsnaahk4aax056-bzip2-1.0.8-bin/bin:/nix/store/mblgz65m3zv9x548a3d5m96fj2pbwr09-gnumake-4.3/bin:/nix/store/dsd5gz46hdbdk2rfdimqddhq6m8m8fqs-bash-5.1-p16/bin:/nix/store/v7ljksji50mg3w61dykaa3n3y79n6nil-patch-2.7.6/bin:/nix/store/zlcnmqq14jz5x9439jf937mvayyl63da-xz-5.2.7-bin/bin:/nix/store/y6aj732zm9m87c82fpvf103a1xb22blp-file-5.43/bin:/nix/store/i4kzir3m7mrisxmf5xvlnkw01x4qaqr4-prybar-elisp-0.0.0-e0d9a52/bin:/nix/store/lwwivxf6h7x3cvxp9zv8sj0mv7dak99r-prybar-lua-0.0.0-e0d9a52/bin:/nix/store/gxj28g1cg4hq3qanmjv07156h800qr58-prybar-python3-0.0.0-e0d9a52/bin:/nix/store/hshkjnxrgidigf8x75vg6lqng2xlx9i3-prybar-sqlite-0.0.0-e0d9a52/bin:/nix/store/c4w01bpjgyy5ixmwdk8m1pw87zq4sl26-prybar-tcl-0.0.0-e0d9a52/bin:/nix/store/hpbvrlwd5viqmvcaisb3x0118i913a9n-st
LD_LIBRARY_PATH=/nix/store/a4pff549sk2idnkpzk5nsfps3mdkdnvm-cups-2.4.2-lib/lib:/nix/store/72mqxxhh3cy5yifh92wh2yb8cl2hikyy-cairo-1.16.0/lib:/nix/store/2k366jrbsra97gjfxwvrhvixjfxdach5-glib-2.74.1/lib:/nix/store/2j2znigd8ak37rlwh9khz0ry3clqlw1l-gtk+3-3.24.34/lib:/nix/store/hisqvx32cd57apbpcsnkpx6k3549wql1-libglvnd-1.4.0/lib:/nix/store/p36pgcv991mq5srvg765b78yqpxvk3qs-mesa-21.3.3-drivers/lib:/nix/store/mav4251if1ahjq5vkpwycyyvnmy459c4-pulseaudio-14.2/lib
DISPLAY=:0
LANG=en_US.UTF-8

Signal Handlers:
   SIGSEGV: crash_handler in libjvm.so, mask=11100100010111111101111111111110, flags=SA_RESTART|SA_SIGINFO
    SIGBUS: crash_handler in libjvm.so, mask=11100100010111111101111111111110, flags=SA_RESTART|SA_SIGINFO
    SIGFPE: crash_handler in libjvm.so, mask=11100100010111111101111111111110, flags=SA_RESTART|SA_SIGINFO
   SIGPIPE: IsolateEnterStub_IgnoreSIGPIPEStartupHook_noopSignalHandler_8f19bff2f35b5f630d83b364d6b2339320d4ec70_216e8361c6bc87a8f89f58cc10d3b2fd4415bf87 in libjvmcicompiler.so, mask=00000000000000000000000000000000, flags=SA_RESTART
  *** Handler was modified!
  *** Expected: javaSignalHandler in libjvm.so, mask=11100100110111111111111111111110, flags=SA_RESTART|SA_SIGINFO
   SIGXFSZ: javaSignalHandler in libjvm.so, mask=11100100010111111101111111111110, flags=SA_RESTART|SA_SIGINFO
    SIGILL: crash_handler in libjvm.so, mask=11100100010111111101111111111110, flags=SA_RESTART|SA_SIGINFO
   SIGUSR2: SR_handler in libjvm.so, mask=00000000000000000000000000000000, flags=SA_RESTART|SA_SIGINFO
    SIGHUP: UserHandler in libjvm.so, mask=11100100010111111101111111111110, flags=SA_RESTART|SA_SIGINFO
    SIGINT: UserHandler in libjvm.so, mask=11100100010111111101111111111110, flags=SA_RESTART|SA_SIGINFO
   SIGTERM: UserHandler in libjvm.so, mask=11100100010111111101111111111110, flags=SA_RESTART|SA_SIGINFO
   SIGQUIT: UserHandler in libjvm.so, mask=11100100010111111101111111111110, flags=SA_RESTART|SA_SIGINFO
  *** Handler was modified!
  *** Expected: javaSignalHandler in libjvm.so, mask=11100100110111111111111111111110, flags=SA_RESTART|SA_SIGINFO
   SIGTRAP: crash_handler in libjvm.so, mask=11100100010111111101111111111110, flags=SA_RESTART|SA_SIGINFO


---------------  S Y S T E M  ---------------

OS:
DISTRIB_ID=Ubuntu
DISTRIB_RELEASE=20.04
DISTRIB_CODENAME=focal
DISTRIB_DESCRIPTION="Ubuntu 20.04.2 LTS"
uname: Linux 5.15.0-1030-gcp #37~20.04.1-Ubuntu SMP Mon Feb 20 04:30:57 UTC 2023 x86_64
OS uptime: 0 days 9:39 hours
libc: glibc 2.35 NPTL 2.35 
rlimit (soft/hard): STACK 8192k/infinity , CORE infinity/infinity , NPROC infinity/infinity , NOFILE 5242/5242 , AS infinity/infinity , CPU infinity/infinity , DATA infinity/infinity , FSIZE infinity/infinity , MEMLOCK 64k/64k
load average: 17.50 12.68 12.02

/proc/meminfo:
MemTotal:       65852732 kB
MemFree:        21668160 kB
MemAvailable:   44180556 kB
Buffers:         3282236 kB
Cached:         17884516 kB
SwapCached:            0 kB
Active:         11130848 kB
Inactive:       28034112 kB
Active(anon):      19428 kB
Inactive(anon): 17758604 kB
Active(file):   11111420 kB
Inactive(file): 10275508 kB
Unevictable:       43248 kB
Mlocked:           43248 kB
SwapTotal:             0 kB
SwapFree:              0 kB
Dirty:              7668 kB
Writeback:           460 kB
AnonPages:      16765492 kB
Mapped:          2082456 kB
Shmem:             82948 kB
KReclaimable:    1852068 kB
Slab:            3946612 kB
SReclaimable:    1852068 kB
SUnreclaim:      2094544 kB
KernelStack:      410692 kB
PageTables:       202180 kB
NFS_Unstable:          0 kB
Bounce:                0 kB
WritebackTmp:          0 kB
CommitLimit:    32926364 kB
Committed_AS:   67548192 kB
VmallocTotal:   34359738367 kB
VmallocUsed:      463496 kB
VmallocChunk:          0 kB
Percpu:            77504 kB
HardwareCorrupted:     0 kB
AnonHugePages:   1163264 kB
ShmemHugePages:        0 kB
ShmemPmdMapped:        0 kB
FileHugePages:         0 kB
FilePmdMapped:         0 kB
HugePages_Total:       0
HugePages_Free:        0
HugePages_Rsvd:        0
HugePages_Surp:        0
Hugepagesize:       2048 kB
Hugetlb:               0 kB
DirectMap4k:     5956416 kB
DirectMap2M:    42274816 kB
DirectMap1G:    20971520 kB

/sys/kernel/mm/transparent_hugepage/enabled: always [madvise] never
/sys/kernel/mm/transparent_hugepage/defrag (defrag/compaction efforts parameter): always defer defer+madvise [madvise] never

Process Memory:
Virtual Size: 4788312K (peak: 4874044K)
Resident Set Size: 758088K (peak: 790880K) (anon: 561480K, file: 196608K, shmem: 0K)
Swapped out: 0K
C-Heap outstanding allocations: 43806K, retained: 11709K
glibc malloc tunables: (default)

/proc/sys/kernel/threads-max (system-wide limit on the number of threads): 514406
/proc/sys/vm/max_map_count (maximum number of memory map areas a process may have): 65530
/proc/sys/kernel/pid_max (system-wide limit on number of process identifiers): 4194304

container (cgroup) information:
container_type: cgroupv1
cpu_cpuset_cpus: 2-7
cpu_memory_nodes: 0
active_processor_count: 1
cpu_quota: 50000
cpu_period: 100000
cpu_shares: 512
memory_limit_in_bytes: 1048576 k
memory_and_swap_limit_in_bytes: 1048576 k
memory_soft_limit_in_bytes: 524288 k
memory_usage_in_bytes: 607712 k
memory_max_usage_in_bytes: 632228 k
maximum number of tasks: 1000
current number of tasks: 51

KVM virtualization detected
Steal ticks since vm start: 0
Steal ticks percentage since vm start:  0.000

CPU: total 8 (initial active 1) (8 cores per cpu, 2 threads per core) family 23 model 49 stepping 0 microcode 0xffffffff, cx8, cmov, fxsr, ht, mmx, 3dnowpref, sse, sse2, sse3, ssse3, sse4a, sse4.1, sse4.2, popcnt, lzcnt, tsc, tscinvbit, avx, avx2, aes, clmul, bmi1, bmi2, adx, sha, fma, vzeroupper, clflush, clflushopt, hv
CPU Model and flags from /proc/cpuinfo:
model name	: AMD EPYC 7B12
flags		: fpu vme de pse tsc msr pae mce cx8 apic sep mtrr pge mca cmov pat pse36 clflush mmx fxsr sse sse2 ht syscall nx mmxext fxsr_opt pdpe1gb rdtscp lm constant_tsc rep_good nopl nonstop_tsc cpuid extd_apicid tsc_known_freq pni pclmulqdq ssse3 fma cx16 sse4_1 sse4_2 movbe popcnt aes xsave avx f16c rdrand hypervisor lahf_lm cmp_legacy cr8_legacy abm sse4a misalignsse 3dnowprefetch osvw topoext ssbd ibrs ibpb stibp vmmcall fsgsbase tsc_adjust bmi1 avx2 smep bmi2 rdseed adx smap clflushopt clwb sha_ni xsaveopt xsavec xgetbv1 clzero xsaveerptr arat npt nrip_save umip rdpid

Online cpus: 0-7
Offline cpus: 
BIOS frequency limitation: <Not Available>
Frequency switch latency (ns): <Not Available>
Available cpu frequencies: <Not Available>
Current governor: <Not Available>
Core performance/turbo boost: <Not Available>

Memory: 4k page, physical 1048576k(440856k free), swap 0k(0k free)
Page Sizes: 4k

vm_info: OpenJDK 64-Bit Server VM (17.0.5+8-jvmci-22.3-b08) for linux-amd64 JRE (17.0.5+8-jvmci-22.3-b08), built on Oct 19 2022 09:01:27 by "buildslave" with gcc 10.3.0

END.
